<?xml version="1.0" encoding="utf-8"?><testsuites name="pytest tests"><testsuite name="pytest" errors="0" failures="1" skipped="0" tests="11" time="2.131" timestamp="2026-03-13T16:27:00.220120+00:00" hostname="agent-env-1433571b-f125-45e8-aab5-adc4841a732b"><testcase classname="backend.tests.test_iteration_42.TestHealthAndConfig" name="test_api_health" time="0.361"><failure message="assert 404 == 200&#10; +  where 404 = &lt;Response [404]&gt;.status_code">backend/tests/test_iteration_42.py:23: in test_api_health
    assert response.status_code == 200
E   assert 404 == 200
E    +  where 404 = &lt;Response [404]&gt;.status_code</failure></testcase><testcase classname="backend.tests.test_iteration_42.TestHealthAndConfig" name="test_book_solar_config_endpoint" time="0.176" /><testcase classname="backend.tests.test_iteration_42.TestAdminLogin" name="test_admin_login_password_endpoint_exists" time="0.166" /><testcase classname="backend.tests.test_iteration_42.TestAdminLogin" name="test_admin_login_otp_endpoint_exists" time="0.146" /><testcase classname="backend.tests.test_iteration_42.TestStaffLogin" name="test_staff_login_endpoint_exists" time="0.116" /><testcase classname="backend.tests.test_iteration_42.TestHREndpoints" name="test_hr_dashboard_endpoint" time="0.185" /><testcase classname="backend.tests.test_iteration_42.TestHREndpoints" name="test_hr_employees_list_endpoint" time="0.211" /><testcase classname="backend.tests.test_iteration_42.TestCRMEndpoints" name="test_crm_leads_endpoint" time="0.128" /><testcase classname="backend.tests.test_iteration_42.TestCRMEndpoints" name="test_crm_dashboard_endpoint" time="0.128" /><testcase classname="backend.tests.test_iteration_42.TestPublicEndpoints" name="test_leads_public_endpoint" time="0.310" /><testcase classname="backend.tests.test_iteration_42.TestPublicEndpoints" name="test_reviews_public_endpoint" time="0.130" /></testsuite></testsuites>