<?xml version="1.0" encoding="utf-8"?><testsuites name="pytest tests"><testsuite name="pytest" errors="0" failures="0" skipped="0" tests="15" time="2.238" timestamp="2026-04-07T20:27:05.594888+00:00" hostname="agent-env-741205b8-251c-4d7d-8dcd-c46a235cef85"><testcase classname="backend.tests.test_new_leads_gallery_iter73.TestHealthCheck" name="test_backend_health" time="0.148" /><testcase classname="backend.tests.test_new_leads_gallery_iter73.TestFacebookGallerySync" name="test_gallery_public_endpoint_all" time="0.126" /><testcase classname="backend.tests.test_new_leads_gallery_iter73.TestFacebookGallerySync" name="test_gallery_public_endpoint_gallery_type" time="0.111" /><testcase classname="backend.tests.test_new_leads_gallery_iter73.TestFacebookGallerySync" name="test_gallery_public_endpoint_latest_work" time="0.134" /><testcase classname="backend.tests.test_new_leads_gallery_iter73.TestFacebookGallerySync" name="test_gallery_admin_endpoint" time="0.135" /><testcase classname="backend.tests.test_new_leads_gallery_iter73.TestNewLeadsManagement" name="test_new_leads_count_endpoint" time="0.146" /><testcase classname="backend.tests.test_new_leads_gallery_iter73.TestNewLeadsManagement" name="test_new_leads_list_endpoint" time="0.111" /><testcase classname="backend.tests.test_new_leads_gallery_iter73.TestNewLeadsManagement" name="test_new_leads_pagination" time="0.132" /><testcase classname="backend.tests.test_new_leads_gallery_iter73.TestMarkLeadContacted" name="test_mark_lead_contacted" time="0.368" /><testcase classname="backend.tests.test_new_leads_gallery_iter73.TestMarkLeadContacted" name="test_mark_nonexistent_lead_contacted" time="0.138" /><testcase classname="backend.tests.test_new_leads_gallery_iter73.TestBulkMarkContacted" name="test_bulk_mark_contacted_empty_list" time="0.104" /><testcase classname="backend.tests.test_new_leads_gallery_iter73.TestCRMDashboard" name="test_crm_dashboard" time="0.136" /><testcase classname="backend.tests.test_new_leads_gallery_iter73.TestCRMDashboard" name="test_crm_leads_list" time="0.127" /><testcase classname="backend.tests.test_new_leads_gallery_iter73.TestSocialMediaSettings" name="test_social_settings" time="0.127" /><testcase classname="backend.tests.test_new_leads_gallery_iter73.TestSocialMediaSettings" name="test_social_dashboard_stats" time="0.119" /></testsuite></testsuites>