<?xml version="1.0" encoding="utf-8"?><testsuites name="pytest tests"><testsuite name="pytest" errors="0" failures="0" skipped="0" tests="14" time="2.441" timestamp="2026-02-23T07:09:20.446213+00:00" hostname="agent-env-3b138496-b8bf-4d39-9027-34f5c301780a"><testcase classname="backend.tests.test_iteration21.TestProductReviews" name="test_get_product_reviews" time="0.388" /><testcase classname="backend.tests.test_iteration21.TestProductReviews" name="test_create_product_review" time="0.263" /><testcase classname="backend.tests.test_iteration21.TestProductReviews" name="test_reviews_summary" time="0.210" /><testcase classname="backend.tests.test_iteration21.TestPincodeDelivery" name="test_check_delivery_bihar_pincode" time="0.099" /><testcase classname="backend.tests.test_iteration21.TestPincodeDelivery" name="test_check_delivery_gaya" time="0.110" /><testcase classname="backend.tests.test_iteration21.TestPincodeDelivery" name="test_check_delivery_non_bihar" time="0.103" /><testcase classname="backend.tests.test_iteration21.TestProductPincodeDelivery" name="test_product_delivery_check_bihar" time="0.196" /><testcase classname="backend.tests.test_iteration21.TestProductPincodeDelivery" name="test_product_delivery_check_non_bihar" time="0.212" /><testcase classname="backend.tests.test_iteration21.TestShopProducts" name="test_get_products" time="0.108" /><testcase classname="backend.tests.test_iteration21.TestShopProducts" name="test_get_categories" time="0.123" /><testcase classname="backend.tests.test_iteration21.TestShopProducts" name="test_get_bihar_districts" time="0.098" /><testcase classname="backend.tests.test_iteration21.TestAgentRegistration" name="test_agent_registration" time="0.102" /><testcase classname="backend.tests.test_iteration21.TestHealthAndBasics" name="test_api_health" time="0.260" /><testcase classname="backend.tests.test_iteration21.TestHealthAndBasics" name="test_shop_stats" time="0.104" /></testsuite></testsuites>