<?xml version="1.0" encoding="utf-8"?><testsuites name="pytest tests"><testsuite name="pytest" errors="0" failures="0" skipped="0" tests="12" time="8.416" timestamp="2026-04-06T13:23:48.524718+00:00" hostname="agent-env-741205b8-251c-4d7d-8dcd-c46a235cef85"><testcase classname="backend.tests.test_social_whatsapp_iter68.TestSocialMediaConnection" name="test_social_test_connection" time="1.284" /><testcase classname="backend.tests.test_social_whatsapp_iter68.TestSocialMediaConnection" name="test_social_settings_get" time="0.117" /><testcase classname="backend.tests.test_social_whatsapp_iter68.TestFacebookPosting" name="test_facebook_text_post_create" time="3.302" /><testcase classname="backend.tests.test_social_whatsapp_iter68.TestWhatsAppTemplateSync" name="test_whatsapp_settings" time="0.129" /><testcase classname="backend.tests.test_social_whatsapp_iter68.TestWhatsAppTemplateSync" name="test_whatsapp_template_sync" time="0.557" /><testcase classname="backend.tests.test_social_whatsapp_iter68.TestWhatsAppTemplateSync" name="test_whatsapp_templates_get" time="0.197" /><testcase classname="backend.tests.test_social_whatsapp_iter68.TestWhatsAppTemplateSending" name="test_whatsapp_connection_test" time="0.446" /><testcase classname="backend.tests.test_social_whatsapp_iter68.TestWhatsAppTemplateSending" name="test_send_template_to_conversation_auto_language" time="1.237" /><testcase classname="backend.tests.test_social_whatsapp_iter68.TestWhatsAppTemplateSending" name="test_send_single_message_with_template" time="0.756" /><testcase classname="backend.tests.test_social_whatsapp_iter68.TestSocialDashboardStats" name="test_social_dashboard_stats" time="0.111" /><testcase classname="backend.tests.test_social_whatsapp_iter68.TestSocialDashboardStats" name="test_whatsapp_dashboard_stats" time="0.111" /><testcase classname="backend.tests.test_social_whatsapp_iter68.TestGetPosts" name="test_get_posts" time="0.110" /></testsuite></testsuites>