<?xml version="1.0" encoding="utf-8"?><testsuites name="pytest tests"><testsuite name="pytest" errors="0" failures="0" skipped="0" tests="20" time="1.431" timestamp="2026-02-13T05:51:14.898685+00:00" hostname="agent-env-c6ccec60-3e60-421f-88e3-3571065a5302"><testcase classname="backend.tests.test_business_intelligence.TestHealthCheck" name="test_districts_endpoint" time="0.080" /><testcase classname="backend.tests.test_business_intelligence.TestStaffLeaderboard" name="test_leaderboard_returns_200" time="0.055" /><testcase classname="backend.tests.test_business_intelligence.TestStaffLeaderboard" name="test_leaderboard_structure" time="0.052" /><testcase classname="backend.tests.test_business_intelligence.TestRevenueDashboard" name="test_revenue_dashboard_returns_200" time="0.043" /><testcase classname="backend.tests.test_business_intelligence.TestRevenueDashboard" name="test_revenue_dashboard_structure" time="0.044" /><testcase classname="backend.tests.test_business_intelligence.TestSetTarget" name="test_set_target_success" time="0.049" /><testcase classname="backend.tests.test_business_intelligence.TestSetTarget" name="test_verify_target_updated" time="0.083" /><testcase classname="backend.tests.test_business_intelligence.TestLeadAnalytics" name="test_lead_analytics_returns_200" time="0.084" /><testcase classname="backend.tests.test_business_intelligence.TestLeadAnalytics" name="test_lead_analytics_structure" time="0.049" /><testcase classname="backend.tests.test_business_intelligence.TestOverdueLeads" name="test_overdue_leads_returns_200" time="0.079" /><testcase classname="backend.tests.test_business_intelligence.TestOverdueLeads" name="test_overdue_leads_structure" time="0.040" /><testcase classname="backend.tests.test_business_intelligence.TestLeadTimeline" name="test_timeline_invalid_lead_404" time="0.039" /><testcase classname="backend.tests.test_business_intelligence.TestLeadTimeline" name="test_timeline_valid_lead" time="0.075" /><testcase classname="backend.tests.test_business_intelligence.TestCommissions" name="test_commissions_returns_200" time="0.047" /><testcase classname="backend.tests.test_business_intelligence.TestCommissions" name="test_commissions_structure" time="0.047" /><testcase classname="backend.tests.test_business_intelligence.TestDailyDigest" name="test_daily_digest_returns_200" time="0.046" /><testcase classname="backend.tests.test_business_intelligence.TestDailyDigest" name="test_daily_digest_structure" time="0.042" /><testcase classname="backend.tests.test_business_intelligence.TestBusinessInsights" name="test_insights_returns_200" time="0.044" /><testcase classname="backend.tests.test_business_intelligence.TestBusinessInsights" name="test_insights_structure" time="0.045" /><testcase classname="backend.tests.test_business_intelligence.TestBusinessDashboardIntegration" name="test_all_endpoints_accessible" time="0.306" /></testsuite></testsuites>