<?xml version="1.0" encoding="utf-8"?><testsuites name="pytest tests"><testsuite name="pytest" errors="0" failures="1" skipped="0" tests="15" time="46.952" timestamp="2026-03-16T14:38:24.301416+00:00" hostname="agent-env-1433571b-f125-45e8-aab5-adc4841a732b"><testcase classname="backend.tests.test_training_iter46.TestTrainingModulesAPI" name="test_training_modules_endpoint_exists" time="0.290" /><testcase classname="backend.tests.test_training_iter46.TestTrainingModulesAPI" name="test_training_modules_returns_4_modules" time="0.145" /><testcase classname="backend.tests.test_training_iter46.TestTrainingModulesAPI" name="test_training_modules_have_required_fields" time="0.180" /><testcase classname="backend.tests.test_training_iter46.TestTrainingModulesAPI" name="test_training_modules_include_expected_modules" time="0.125" /><testcase classname="backend.tests.test_training_iter46.TestTrainingModulesAPI" name="test_training_modules_have_topics_list" time="0.132" /><testcase classname="backend.tests.test_training_iter46.TestAITrainingAssistant" name="test_ai_training_assistant_endpoint_exists" time="2.483" /><testcase classname="backend.tests.test_training_iter46.TestAITrainingAssistant" name="test_ai_training_assistant_requires_message" time="0.124" /><testcase classname="backend.tests.test_training_iter46.TestAITrainingAssistant" name="test_ai_training_assistant_accepts_staff_role" time="27.655" /><testcase classname="backend.tests.test_training_iter46.TestAITrainingAssistant" name="test_ai_training_assistant_pm_surya_ghar_question" time="3.654" /><testcase classname="backend.tests.test_training_iter46.TestAITrainingAssistant" name="test_ai_training_assistant_response_structure" time="11.361" /><testcase classname="backend.tests.test_training_iter46.TestTrainingProgress" name="test_training_progress_save_endpoint" time="0.185" /><testcase classname="backend.tests.test_training_iter46.TestTrainingProgress" name="test_training_progress_get_endpoint" time="0.124" /><testcase classname="backend.tests.test_training_iter46.TestTrainingProgress" name="test_training_progress_requires_staff_id" time="0.158"><failure message="AssertionError: Expected 400, got 500&#10;assert 500 == 400&#10; +  where 500 = &lt;Response [500]&gt;.status_code">backend/tests/test_training_iter46.py:202: in test_training_progress_requires_staff_id
    assert response.status_code == 400, f"Expected 400, got {response.status_code}"
E   AssertionError: Expected 400, got 500
E   assert 500 == 400
E    +  where 500 = &lt;Response [500]&gt;.status_code</failure></testcase><testcase classname="backend.tests.test_training_iter46.TestStaffPortalTrainingIntegration" name="test_staff_training_endpoint" time="0.143" /><testcase classname="backend.tests.test_training_iter46.TestStaffPortalTrainingIntegration" name="test_staff_training_complete_endpoint" time="0.106" /></testsuite></testsuites>