<?xml version="1.0" encoding="utf-8"?><testsuites name="pytest tests"><testsuite name="pytest" errors="0" failures="0" skipped="0" tests="21" time="4.407" timestamp="2026-02-24T19:56:20.496268+00:00" hostname="agent-env-88e386d1-fc58-4a14-bb77-39fe570dc8f1"><testcase classname="backend.tests.test_admin_dashboard_features.TestDashboardWidgets" name="test_dashboard_counts_widget" time="0.274" /><testcase classname="backend.tests.test_admin_dashboard_features.TestDashboardWidgets" name="test_dashboard_recent_leads_widget" time="0.200" /><testcase classname="backend.tests.test_admin_dashboard_features.TestDashboardWidgets" name="test_dashboard_recent_orders_widget" time="0.182" /><testcase classname="backend.tests.test_admin_dashboard_features.TestDashboardWidgets" name="test_dashboard_revenue_widget" time="0.259" /><testcase classname="backend.tests.test_admin_dashboard_features.TestGalleryPhotosAPI" name="test_get_admin_photos" time="0.128" /><testcase classname="backend.tests.test_admin_dashboard_features.TestGalleryPhotosAPI" name="test_get_public_photos" time="0.204" /><testcase classname="backend.tests.test_admin_dashboard_features.TestGalleryPhotosAPI" name="test_add_photo_via_url" time="0.156" /><testcase classname="backend.tests.test_admin_dashboard_features.TestGalleryPhotosAPI" name="test_delete_photo" time="0.232" /><testcase classname="backend.tests.test_admin_dashboard_features.TestGalleryFileUpload" name="test_gallery_upload_file_endpoint_exists" time="0.243" /><testcase classname="backend.tests.test_admin_dashboard_features.TestGalleryFileUpload" name="test_gallery_upload_file_with_image" time="0.326" /><testcase classname="backend.tests.test_admin_dashboard_features.TestCRMLeadsAPI" name="test_crm_dashboard_stats" time="0.197" /><testcase classname="backend.tests.test_admin_dashboard_features.TestCRMLeadsAPI" name="test_crm_leads_list" time="0.188" /><testcase classname="backend.tests.test_admin_dashboard_features.TestCRMLeadsAPI" name="test_create_crm_lead" time="0.129" /><testcase classname="backend.tests.test_admin_dashboard_features.TestCRMLeadsAPI" name="test_crm_followups" time="0.193" /><testcase classname="backend.tests.test_admin_dashboard_features.TestCRMTasksAPI" name="test_crm_tasks_list" time="0.195" /><testcase classname="backend.tests.test_admin_dashboard_features.TestStaffAccountsAPI" name="test_staff_accounts_list" time="0.145" /><testcase classname="backend.tests.test_admin_dashboard_features.TestCRMMessagesAPI" name="test_crm_messages_list" time="0.151" /><testcase classname="backend.tests.test_admin_dashboard_features.TestReviewsAPI" name="test_reviews_list" time="0.203" /><testcase classname="backend.tests.test_admin_dashboard_features.TestShopStatsAPI" name="test_shop_stats" time="0.138" /><testcase classname="backend.tests.test_admin_dashboard_features.TestDistrictsAPI" name="test_districts_list" time="0.150" /><testcase classname="backend.tests.test_admin_dashboard_features.TestCleanup" name="test_cleanup_test_photos" time="0.435" /></testsuite></testsuites>