<?xml version="1.0" encoding="utf-8"?><testsuites name="pytest tests"><testsuite name="pytest" errors="0" failures="0" skipped="1" tests="16" time="6.383" timestamp="2026-04-08T17:20:10.769140+00:00" hostname="agent-env-741205b8-251c-4d7d-8dcd-c46a235cef85"><testcase classname="backend.tests.test_cashfree_payments.TestPaymentSettings" name="test_get_payment_settings" time="0.215" /><testcase classname="backend.tests.test_cashfree_payments.TestPaymentSettings" name="test_get_webhook_url" time="0.122" /><testcase classname="backend.tests.test_cashfree_payments.TestPaymentDashboard" name="test_get_dashboard_stats" time="0.127" /><testcase classname="backend.tests.test_cashfree_payments.TestPaymentTransactions" name="test_get_transactions" time="0.149" /><testcase classname="backend.tests.test_cashfree_payments.TestPaymentTransactions" name="test_get_transactions_with_filters" time="0.360" /><testcase classname="backend.tests.test_cashfree_payments.TestPaymentLinkCreation" name="test_create_payment_link" time="0.918"><skipped type="pytest.skip" message="Cashfree not configured or validation error">/app/backend/tests/test_cashfree_payments.py:177: Cashfree not configured or validation error</skipped></testcase><testcase classname="backend.tests.test_cashfree_payments.TestPaymentLinkCreation" name="test_create_payment_link_validation" time="0.561" /><testcase classname="backend.tests.test_cashfree_payments.TestManualPayment" name="test_record_manual_payment" time="0.252" /><testcase classname="backend.tests.test_cashfree_payments.TestManualPayment" name="test_manual_payment_validation" time="0.158" /><testcase classname="backend.tests.test_cashfree_payments.TestWebsitePayment" name="test_initiate_website_payment" time="0.509" /><testcase classname="backend.tests.test_cashfree_payments.TestWebsitePayment" name="test_verify_website_payment" time="0.107" /><testcase classname="backend.tests.test_cashfree_payments.TestPaymentLinkOperations" name="test_get_link_status" time="0.416" /><testcase classname="backend.tests.test_cashfree_payments.TestPaymentLinkOperations" name="test_resend_link" time="0.152" /><testcase classname="backend.tests.test_cashfree_payments.TestPaymentLinkOperations" name="test_cancel_link" time="0.139" /><testcase classname="backend.tests.test_cashfree_payments.TestLeadPayments" name="test_get_lead_payments" time="0.115" /><testcase classname="backend.tests.test_cashfree_payments.TestEndToEndPaymentFlow" name="test_complete_payment_flow" time="2.000" /></testsuite></testsuites>