<?xml version="1.0" encoding="utf-8"?><testsuites name="pytest tests"><testsuite name="pytest" errors="0" failures="0" skipped="0" tests="7" time="1.007" timestamp="2026-04-06T10:37:38.913018+00:00" hostname="agent-env-741205b8-251c-4d7d-8dcd-c46a235cef85"><testcase classname="backend.tests.test_whatsapp_cleanup_iter66.TestWhatsAppCleanupAPIs" name="test_whatsapp_cleanup_status" time="0.274" /><testcase classname="backend.tests.test_whatsapp_cleanup_iter66.TestWhatsAppCleanupAPIs" name="test_whatsapp_auto_cleanup_48h_endpoint" time="0.109" /><testcase classname="backend.tests.test_whatsapp_cleanup_iter66.TestWhatsAppCleanupAPIs" name="test_whatsapp_settings_returns_phone_number_id" time="0.105" /><testcase classname="backend.tests.test_whatsapp_cleanup_iter66.TestWhatsAppCleanupAPIs" name="test_social_settings_returns_facebook_instagram_ids" time="0.100" /><testcase classname="backend.tests.test_whatsapp_cleanup_iter66.TestWhatsAppConversationsAPI" name="test_conversations_endpoint_works" time="0.116" /><testcase classname="backend.tests.test_whatsapp_cleanup_iter66.TestWhatsAppConversationsAPI" name="test_conversations_unread_count" time="0.134" /><testcase classname="backend.tests.test_whatsapp_cleanup_iter66.TestWhatsAppTemplates" name="test_templates_endpoint" time="0.120" /></testsuite></testsuites>