<?xml version="1.0" encoding="utf-8"?><testsuites name="pytest tests"><testsuite name="pytest" errors="0" failures="0" skipped="0" tests="12" time="11.386" timestamp="2026-02-23T09:32:13.575236+00:00" hostname="agent-env-8154982a-ca41-42a7-ade9-1d7e8eac274b"><testcase classname="backend.tests.test_razorpay_sync.TestRazorpaySyncFeature" name="test_health_check" time="0.409" /><testcase classname="backend.tests.test_razorpay_sync.TestRazorpaySyncFeature" name="test_get_razorpay_payments" time="1.145" /><testcase classname="backend.tests.test_razorpay_sync.TestRazorpaySyncFeature" name="test_sync_razorpay_payments" time="1.871" /><testcase classname="backend.tests.test_razorpay_sync.TestRazorpaySyncFeature" name="test_synced_orders_have_customer_details" time="0.132" /><testcase classname="backend.tests.test_razorpay_sync.TestRazorpaySyncFeature" name="test_synced_orders_have_source_field" time="0.113" /><testcase classname="backend.tests.test_razorpay_sync.TestRazorpaySyncFeature" name="test_synced_orders_have_razorpay_payment_id" time="0.101" /><testcase classname="backend.tests.test_razorpay_sync.TestRazorpaySyncFeature" name="test_synced_orders_payment_status_is_paid" time="0.107" /><testcase classname="backend.tests.test_razorpay_sync.TestRazorpaySyncFeature" name="test_existing_orders_updated_with_customer_details" time="3.972" /><testcase classname="backend.tests.test_razorpay_sync.TestRazorpaySyncFeature" name="test_get_specific_payment_details" time="1.860" /><testcase classname="backend.tests.test_razorpay_sync.TestRazorpaySyncFeature" name="test_invalid_payment_id_returns_404" time="1.377" /><testcase classname="backend.tests.test_razorpay_sync.TestOrdersEndpoint" name="test_orders_list_includes_synced_orders" time="0.126" /><testcase classname="backend.tests.test_razorpay_sync.TestOrdersEndpoint" name="test_order_has_all_required_fields" time="0.106" /></testsuite></testsuites>