<?xml version="1.0" encoding="utf-8"?><testsuites name="pytest tests"><testsuite name="pytest" errors="0" failures="0" skipped="0" tests="15" time="2.164" timestamp="2026-04-08T16:25:42.766201+00:00" hostname="agent-env-741205b8-251c-4d7d-8dcd-c46a235cef85"><testcase classname="backend.tests.test_og_meta_tags.TestOGMetaTags" name="test_homepage_returns_200" time="0.138" /><testcase classname="backend.tests.test_og_meta_tags.TestOGMetaTags" name="test_og_title_present" time="0.139" /><testcase classname="backend.tests.test_og_meta_tags.TestOGMetaTags" name="test_og_description_present" time="0.123" /><testcase classname="backend.tests.test_og_meta_tags.TestOGMetaTags" name="test_og_image_present_with_correct_url" time="0.142" /><testcase classname="backend.tests.test_og_meta_tags.TestOGMetaTags" name="test_twitter_card_present" time="0.134" /><testcase classname="backend.tests.test_og_meta_tags.TestOGMetaTags" name="test_twitter_image_present" time="0.112" /><testcase classname="backend.tests.test_og_meta_tags.TestOGMetaTags" name="test_canonical_url_present" time="0.135" /><testcase classname="backend.tests.test_og_meta_tags.TestOGMetaTags" name="test_og_image_dimensions" time="0.120" /><testcase classname="backend.tests.test_og_meta_tags.TestOGImageAccessibility" name="test_og_image_accessible_at_preview_url" time="0.262" /><testcase classname="backend.tests.test_og_meta_tags.TestOGImageAccessibility" name="test_og_image_is_valid_image" time="0.175" /><testcase classname="backend.tests.test_og_meta_tags.TestAdditionalMetaTags" name="test_og_type_present" time="0.118" /><testcase classname="backend.tests.test_og_meta_tags.TestAdditionalMetaTags" name="test_og_url_present" time="0.110" /><testcase classname="backend.tests.test_og_meta_tags.TestAdditionalMetaTags" name="test_og_site_name_present" time="0.177" /><testcase classname="backend.tests.test_og_meta_tags.TestAdditionalMetaTags" name="test_twitter_title_present" time="0.105" /><testcase classname="backend.tests.test_og_meta_tags.TestAdditionalMetaTags" name="test_twitter_description_present" time="0.109" /></testsuite></testsuites>