<?xml version="1.0" encoding="utf-8"?><testsuites name="pytest tests"><testsuite name="pytest" errors="0" failures="0" skipped="0" tests="12" time="2.636" timestamp="2026-02-14T20:09:13.286969+00:00" hostname="agent-env-c3c033a2-7939-4a02-b899-1258fedd48ae"><testcase classname="backend.tests.test_security_features.TestSecurityStatus" name="test_security_status_returns_all_features" time="0.286" /><testcase classname="backend.tests.test_security_features.TestSecurityHeaders" name="test_security_headers_present" time="0.140" /><testcase classname="backend.tests.test_security_features.TestStaffLogin2FA" name="test_staff_login_step1_returns_requires_otp" time="0.386" /><testcase classname="backend.tests.test_security_features.TestStaffLogin2FA" name="test_staff_login_invalid_credentials" time="0.144" /><testcase classname="backend.tests.test_security_features.TestStaffLogin2FA" name="test_staff_verify_2fa_success" time="0.484" /><testcase classname="backend.tests.test_security_features.TestStaffLogin2FA" name="test_staff_verify_2fa_invalid_otp" time="0.124" /><testcase classname="backend.tests.test_security_features.TestRecaptchaEndpoint" name="test_verify_recaptcha_endpoint_exists" time="0.122" /><testcase classname="backend.tests.test_security_features.TestRecaptchaEndpoint" name="test_verify_recaptcha_honeypot_trigger" time="0.159" /><testcase classname="backend.tests.test_security_features.TestSecureLead" name="test_secure_lead_honeypot_blocks_submission" time="0.146" /><testcase classname="backend.tests.test_security_features.TestSecureLead" name="test_secure_lead_without_honeypot_accepted" time="0.144" /><testcase classname="backend.tests.test_security_features.TestHealthCheck" name="test_api_health" time="0.278" /><testcase classname="backend.tests.test_security_features.TestHealthCheck" name="test_districts_endpoint" time="0.120" /></testsuite></testsuites>