<?xml version="1.0" encoding="utf-8"?><testsuites name="pytest tests"><testsuite name="pytest" errors="0" failures="0" skipped="0" tests="10" time="1.215" timestamp="2026-03-08T00:53:26.003198+00:00" hostname="agent-env-07aebeff-0d59-486f-b3b7-f680861daf8f"><testcase classname="backend.tests.test_otp_login.TestAdminOTPLogin" name="test_admin_otp_login_success" time="0.138" /><testcase classname="backend.tests.test_otp_login.TestAdminOTPLogin" name="test_admin_otp_login_with_country_code" time="0.108" /><testcase classname="backend.tests.test_otp_login.TestAdminOTPLogin" name="test_admin_otp_login_unregistered_mobile" time="0.118" /><testcase classname="backend.tests.test_otp_login.TestAdminOTPLogin" name="test_admin_otp_login_invalid_format" time="0.111" /><testcase classname="backend.tests.test_otp_login.TestAdminOTPLogin" name="test_admin_otp_login_empty_mobile" time="0.118" /><testcase classname="backend.tests.test_otp_login.TestAdminPasswordLogin" name="test_admin_password_login_success" time="0.111" /><testcase classname="backend.tests.test_otp_login.TestAdminPasswordLogin" name="test_admin_password_login_invalid_password" time="0.108" /><testcase classname="backend.tests.test_otp_login.TestAdminPasswordLogin" name="test_admin_password_login_invalid_email" time="0.115" /><testcase classname="backend.tests.test_otp_login.TestStaffLogin" name="test_staff_login_endpoint_exists" time="0.116" /><testcase classname="backend.tests.test_otp_login.TestAPIRoot" name="test_admin_endpoints_accessible" time="0.111" /></testsuite></testsuites>