<?xml version="1.0" encoding="utf-8"?><testsuites name="pytest tests"><testsuite name="pytest" errors="0" failures="1" skipped="0" tests="7" time="1.088" timestamp="2026-04-08T05:38:19.353643+00:00" hostname="agent-env-741205b8-251c-4d7d-8dcd-c46a235cef85"><testcase classname="backend.tests.test_iter75_fixes.TestBookSolarServiceConfig" name="test_get_book_solar_config_returns_price" time="0.216" /><testcase classname="backend.tests.test_iter75_fixes.TestNewLeadsEndpoint" name="test_new_leads_endpoint_exists" time="0.163" /><testcase classname="backend.tests.test_iter75_fixes.TestNewLeadsEndpoint" name="test_new_leads_default_whatsapp_filter" time="0.122" /><testcase classname="backend.tests.test_iter75_fixes.TestNewLeadsEndpoint" name="test_new_leads_count_endpoint" time="0.104" /><testcase classname="backend.tests.test_iter75_fixes.TestServiceBookingsEndpoint" name="test_bookings_endpoint_exists" time="0.148" /><testcase classname="backend.tests.test_iter75_fixes.TestCRMDashboardEndpoint" name="test_crm_dashboard_endpoint" time="0.122" /><testcase classname="backend.tests.test_iter75_fixes.TestHealthEndpoint" name="test_health_endpoint" time="0.133"><failure message="AssertionError: Expected 200, got 404&#10;assert 404 == 200&#10; +  where 404 = &lt;Response [404]&gt;.status_code">backend/tests/test_iter75_fixes.py:107: in test_health_endpoint
    assert response.status_code == 200, f"Expected 200, got {response.status_code}"
E   AssertionError: Expected 200, got 404
E   assert 404 == 200
E    +  where 404 = &lt;Response [404]&gt;.status_code</failure></testcase></testsuite></testsuites>