<?xml version="1.0" encoding="utf-8"?><testsuites name="pytest tests"><testsuite name="pytest" errors="0" failures="0" skipped="0" tests="10" time="1.558" timestamp="2026-02-22T17:37:14.890021+00:00" hostname="agent-env-a94e7088-a1db-4d80-b68e-31af779fd4e0"><testcase classname="backend.tests.test_shop_new_features.TestWireCategory" name="test_wire_category_exists" time="0.147" /><testcase classname="backend.tests.test_shop_new_features.TestWireCategory" name="test_all_six_categories_exist" time="0.058" /><testcase classname="backend.tests.test_shop_new_features.TestWireCategory" name="test_service_category_has_base_price" time="0.071" /><testcase classname="backend.tests.test_shop_new_features.TestDeliveryFees" name="test_get_delivery_fees" time="0.052" /><testcase classname="backend.tests.test_shop_new_features.TestOrderNumber" name="test_order_number_format" time="0.121" /><testcase classname="backend.tests.test_shop_new_features.TestOrderNumber" name="test_delivery_with_distance_fee" time="0.115" /><testcase classname="backend.tests.test_shop_new_features.TestPaymentVerification" name="test_payment_verify_creates_payment_record" time="0.241" /><testcase classname="backend.tests.test_shop_new_features.TestWireProducts" name="test_create_wire_product" time="0.231" /><testcase classname="backend.tests.test_shop_new_features.TestWireProducts" name="test_filter_wire_products" time="0.054" /><testcase classname="backend.tests.test_shop_new_features.TestServiceProduct" name="test_create_service_product" time="0.421" /></testsuite></testsuites>