<?xml version="1.0" encoding="utf-8"?><testsuites name="pytest tests"><testsuite name="pytest" errors="0" failures="0" skipped="0" tests="26" time="3.235" timestamp="2026-04-05T18:09:47.660300+00:00" hostname="agent-env-741205b8-251c-4d7d-8dcd-c46a235cef85"><testcase classname="backend.tests.test_whatsapp_cloud_api_iter61.TestWhatsAppSettings" name="test_get_settings_returns_default" time="0.127" /><testcase classname="backend.tests.test_whatsapp_cloud_api_iter61.TestWhatsAppSettings" name="test_save_settings_requires_access_token" time="0.129" /><testcase classname="backend.tests.test_whatsapp_cloud_api_iter61.TestWhatsAppSettings" name="test_save_settings_requires_phone_number_id" time="0.116" /><testcase classname="backend.tests.test_whatsapp_cloud_api_iter61.TestWhatsAppSettings" name="test_save_settings_success" time="0.127" /><testcase classname="backend.tests.test_whatsapp_cloud_api_iter61.TestWhatsAppTemplates" name="test_get_templates_returns_8_predefined" time="0.103" /><testcase classname="backend.tests.test_whatsapp_cloud_api_iter61.TestPhoneCleaning" name="test_clean_phone_10_digits" time="0.113" /><testcase classname="backend.tests.test_whatsapp_cloud_api_iter61.TestPhoneCleaning" name="test_clean_phone_with_country_code" time="0.111" /><testcase classname="backend.tests.test_whatsapp_cloud_api_iter61.TestPhoneCleaning" name="test_clean_phone_with_plus" time="0.109" /><testcase classname="backend.tests.test_whatsapp_cloud_api_iter61.TestPhoneCleaning" name="test_clean_phone_with_leading_zero" time="0.102" /><testcase classname="backend.tests.test_whatsapp_cloud_api_iter61.TestPhoneCleaning" name="test_clean_phone_invalid_short" time="0.109" /><testcase classname="backend.tests.test_whatsapp_cloud_api_iter61.TestDashboardStats" name="test_get_dashboard_stats" time="0.109" /><testcase classname="backend.tests.test_whatsapp_cloud_api_iter61.TestCampaigns" name="test_get_campaigns_paginated" time="0.107" /><testcase classname="backend.tests.test_whatsapp_cloud_api_iter61.TestCampaigns" name="test_get_campaigns_with_page_param" time="0.103" /><testcase classname="backend.tests.test_whatsapp_cloud_api_iter61.TestMessages" name="test_get_messages_paginated" time="0.130" /><testcase classname="backend.tests.test_whatsapp_cloud_api_iter61.TestMessages" name="test_get_lead_messages" time="0.111" /><testcase classname="backend.tests.test_whatsapp_cloud_api_iter61.TestWebhook" name="test_webhook_verification_challenge" time="0.220" /><testcase classname="backend.tests.test_whatsapp_cloud_api_iter61.TestWebhook" name="test_webhook_verification_wrong_token" time="0.105" /><testcase classname="backend.tests.test_whatsapp_cloud_api_iter61.TestSendMessage" name="test_send_single_requires_phone" time="0.098" /><testcase classname="backend.tests.test_whatsapp_cloud_api_iter61.TestSendMessage" name="test_send_single_requires_template" time="0.105" /><testcase classname="backend.tests.test_whatsapp_cloud_api_iter61.TestSendMessage" name="test_send_single_api_not_configured" time="0.249" /><testcase classname="backend.tests.test_whatsapp_cloud_api_iter61.TestCampaignCreation" name="test_create_campaign_requires_template" time="0.103" /><testcase classname="backend.tests.test_whatsapp_cloud_api_iter61.TestCampaignCreation" name="test_create_campaign_with_empty_leads_uses_all" time="0.119" /><testcase classname="backend.tests.test_whatsapp_cloud_api_iter61.TestAutomationSettings" name="test_get_automation_settings" time="0.104" /><testcase classname="backend.tests.test_whatsapp_cloud_api_iter61.TestAutomationSettings" name="test_save_automation_settings" time="0.110" /><testcase classname="backend.tests.test_whatsapp_cloud_api_iter61.TestLeadsForCampaign" name="test_get_leads_for_campaign" time="0.112" /><testcase classname="backend.tests.test_whatsapp_cloud_api_iter61.TestLeadsForCampaign" name="test_get_leads_for_campaign_with_filters" time="0.100" /></testsuite></testsuites>