<?xml version="1.0" encoding="utf-8"?><testsuites name="pytest tests"><testsuite name="pytest" errors="0" failures="0" skipped="0" tests="24" time="1.615" timestamp="2026-02-13T05:29:04.227725+00:00" hostname="agent-env-c6ccec60-3e60-421f-88e3-3571065a5302"><testcase classname="backend.tests.test_new_crm_features.TestHealthAndBasics" name="test_api_health" time="0.084" /><testcase classname="backend.tests.test_new_crm_features.TestStaffOTPLogin" name="test_staff_send_otp" time="0.093" /><testcase classname="backend.tests.test_new_crm_features.TestStaffOTPLogin" name="test_staff_send_otp_invalid_id" time="0.086" /><testcase classname="backend.tests.test_new_crm_features.TestStaffOTPLogin" name="test_staff_verify_otp_fallback" time="0.122" /><testcase classname="backend.tests.test_new_crm_features.TestStaffOTPLogin" name="test_staff_verify_otp_invalid" time="0.116" /><testcase classname="backend.tests.test_new_crm_features.TestAdminOTPLogin" name="test_admin_send_otp" time="0.042" /><testcase classname="backend.tests.test_new_crm_features.TestAdminOTPLogin" name="test_admin_send_otp_unauthorized_email" time="0.040" /><testcase classname="backend.tests.test_new_crm_features.TestAdminOTPLogin" name="test_admin_verify_otp_fallback" time="0.076" /><testcase classname="backend.tests.test_new_crm_features.TestAIAutoAssignment" name="test_auto_assign_single_lead" time="0.155" /><testcase classname="backend.tests.test_new_crm_features.TestAIAutoAssignment" name="test_auto_assign_already_assigned" time="0.072" /><testcase classname="backend.tests.test_new_crm_features.TestAIAutoAssignment" name="test_bulk_auto_assign_all" time="0.039" /><testcase classname="backend.tests.test_new_crm_features.TestWhatsAppQuoteIntegration" name="test_send_quote_whatsapp" time="0.077" /><testcase classname="backend.tests.test_new_crm_features.TestWhatsAppQuoteIntegration" name="test_send_quote_invalid_lead" time="0.040" /><testcase classname="backend.tests.test_new_crm_features.TestNotificationsSystem" name="test_get_staff_notifications" time="0.042" /><testcase classname="backend.tests.test_new_crm_features.TestNotificationsSystem" name="test_mark_notification_read" time="0.033" /><testcase classname="backend.tests.test_new_crm_features.TestNotificationsSystem" name="test_mark_all_notifications_read" time="0.036" /><testcase classname="backend.tests.test_new_crm_features.TestFollowUpSystem" name="test_create_followup" time="0.117" /><testcase classname="backend.tests.test_new_crm_features.TestFollowUpSystem" name="test_get_todays_followups" time="0.037" /><testcase classname="backend.tests.test_new_crm_features.TestFollowUpSystem" name="test_get_all_followups" time="0.036" /><testcase classname="backend.tests.test_new_crm_features.TestCRMDashboardFeatures" name="test_crm_dashboard" time="0.041" /><testcase classname="backend.tests.test_new_crm_features.TestCRMDashboardFeatures" name="test_staff_accounts_list" time="0.031" /><testcase classname="backend.tests.test_new_crm_features.TestCRMDashboardFeatures" name="test_crm_leads_list" time="0.038" /><testcase classname="backend.tests.test_new_crm_features.TestStaffPasswordLogin" name="test_staff_login_success" time="0.041" /><testcase classname="backend.tests.test_new_crm_features.TestStaffPasswordLogin" name="test_staff_login_invalid" time="0.036" /></testsuite></testsuites>