<?xml version="1.0" encoding="utf-8"?><testsuites name="pytest tests"><testsuite name="pytest" errors="0" failures="0" skipped="0" tests="13" time="4.570" timestamp="2026-02-23T06:49:38.328587+00:00" hostname="agent-env-3b138496-b8bf-4d39-9027-34f5c301780a"><testcase classname="tests.test_iteration20.TestBookServiceConfig" name="test_get_book_service_config" time="0.235" /><testcase classname="tests.test_iteration20.TestBookServiceConfig" name="test_update_book_service_config" time="0.447" /><testcase classname="tests.test_iteration20.TestBiharDistricts" name="test_get_bihar_districts" time="0.100" /><testcase classname="tests.test_iteration20.TestProductDeliveryCheck" name="test_product_delivery_patna_pincode" time="0.201" /><testcase classname="tests.test_iteration20.TestProductDeliveryCheck" name="test_product_delivery_non_bihar_pincode" time="0.198" /><testcase classname="tests.test_iteration20.TestOrderDeletion" name="test_delete_pending_order" time="0.188" /><testcase classname="tests.test_iteration20.TestOrderDeletion" name="test_delete_nonexistent_order" time="0.103" /><testcase classname="tests.test_iteration20.TestRazorpayConfig" name="test_get_razorpay_config" time="0.105" /><testcase classname="tests.test_iteration20.TestServiceDescription" name="test_generate_service_description" time="2.467" /><testcase classname="tests.test_iteration20.TestAgentRegistration" name="test_register_agent" time="0.158" /><testcase classname="tests.test_iteration20.TestDeliveryCheck" name="test_delivery_check_patna" time="0.103" /><testcase classname="tests.test_iteration20.TestDeliveryCheck" name="test_delivery_check_gaya" time="0.104" /><testcase classname="tests.test_iteration20.TestDeliveryCheck" name="test_delivery_check_delhi" time="0.100" /></testsuite></testsuites>