<?xml version="1.0" encoding="utf-8"?><testsuites name="pytest tests"><testsuite name="pytest" errors="0" failures="0" skipped="0" tests="17" time="2.337" timestamp="2026-04-05T21:42:21.157212+00:00" hostname="agent-env-741205b8-251c-4d7d-8dcd-c46a235cef85"><testcase classname="backend.tests.test_new_features_iter64.TestSocialMediaFileUpload" name="test_upload_media_endpoint_exists" time="0.244" /><testcase classname="backend.tests.test_new_features_iter64.TestSocialMediaFileUpload" name="test_upload_invalid_file_type" time="0.108" /><testcase classname="backend.tests.test_new_features_iter64.TestSocialMediaFileUpload" name="test_upload_valid_image" time="0.132" /><testcase classname="backend.tests.test_new_features_iter64.TestWhatsAppMessageDelete" name="test_delete_single_message_not_found" time="0.123" /><testcase classname="backend.tests.test_new_features_iter64.TestWhatsAppMessageDelete" name="test_bulk_delete_empty_list" time="0.160" /><testcase classname="backend.tests.test_new_features_iter64.TestWhatsAppMessageDelete" name="test_bulk_delete_nonexistent_messages" time="0.121" /><testcase classname="backend.tests.test_new_features_iter64.TestWhatsAppMessageDelete" name="test_clear_conversation_endpoint" time="0.124" /><testcase classname="backend.tests.test_new_features_iter64.TestWhatsAppMessageDelete" name="test_delete_old_conversations_endpoint" time="0.137" /><testcase classname="backend.tests.test_new_features_iter64.TestWhatsAppSendMedia" name="test_send_media_missing_url" time="0.119" /><testcase classname="backend.tests.test_new_features_iter64.TestWhatsAppSendMedia" name="test_send_media_no_incoming_message" time="0.103" /><testcase classname="backend.tests.test_new_features_iter64.TestStaffPortalPagination" name="test_staff_leads_pagination_params" time="0.119" /><testcase classname="backend.tests.test_new_features_iter64.TestWhatsAppConversations" name="test_get_conversations_list" time="0.158" /><testcase classname="backend.tests.test_new_features_iter64.TestWhatsAppConversations" name="test_get_unread_count" time="0.106" /><testcase classname="backend.tests.test_new_features_iter64.TestWhatsAppConversations" name="test_get_conversation_thread" time="0.108" /><testcase classname="backend.tests.test_new_features_iter64.TestSocialMediaSettings" name="test_get_settings" time="0.122" /><testcase classname="backend.tests.test_new_features_iter64.TestSocialMediaSettings" name="test_get_dashboard_stats" time="0.151" /><testcase classname="backend.tests.test_new_features_iter64.TestSocialMediaSettings" name="test_test_connection" time="0.126" /></testsuite></testsuites>