<?xml version="1.0" encoding="utf-8"?><testsuites name="pytest tests"><testsuite name="pytest" errors="0" failures="0" skipped="0" tests="11" time="2.305" timestamp="2026-04-12T16:06:38.634183+00:00" hostname="agent-env-741205b8-251c-4d7d-8dcd-c46a235cef85"><testcase classname="backend.tests.test_shop_cashfree_iter96.TestShopProducts" name="test_get_products" time="0.144" /><testcase classname="backend.tests.test_shop_cashfree_iter96.TestShopProducts" name="test_get_categories" time="0.119" /><testcase classname="backend.tests.test_shop_cashfree_iter96.TestShopProducts" name="test_get_bihar_districts" time="0.121" /><testcase classname="backend.tests.test_shop_cashfree_iter96.TestShopOrdersCOD" name="test_create_order_cod_pickup" time="0.103" /><testcase classname="backend.tests.test_shop_cashfree_iter96.TestShopOrdersCOD" name="test_create_order_cod_delivery" time="0.114" /><testcase classname="backend.tests.test_shop_cashfree_iter96.TestShopOrdersOnline" name="test_create_order_online_payment" time="0.615" /><testcase classname="backend.tests.test_shop_cashfree_iter96.TestShopOrdersOnline" name="test_cashfree_session_id_format" time="0.548" /><testcase classname="backend.tests.test_shop_cashfree_iter96.TestAdminLogin" name="test_admin_login_password" time="0.116" /><testcase classname="backend.tests.test_shop_cashfree_iter96.TestAdminLogin" name="test_admin_login_wrong_password" time="0.105" /><testcase classname="backend.tests.test_shop_cashfree_iter96.TestHomepage" name="test_homepage_loads" time="0.103" /><testcase classname="backend.tests.test_shop_cashfree_iter96.TestHomepage" name="test_health_check" time="0.142" /></testsuite></testsuites>