<?xml version="1.0" encoding="utf-8"?><testsuites name="pytest tests"><testsuite name="pytest" errors="0" failures="0" skipped="0" tests="10" time="2.995" timestamp="2026-04-10T20:28:28.347176+00:00" hostname="agent-env-741205b8-251c-4d7d-8dcd-c46a235cef85"><testcase classname="backend.tests.test_iter87_features.TestCashfreeOrdersAPI" name="test_get_orders_list" time="0.167" /><testcase classname="backend.tests.test_iter87_features.TestCashfreeOrdersAPI" name="test_get_orders_with_pagination" time="0.129" /><testcase classname="backend.tests.test_iter87_features.TestCashfreeOrdersAPI" name="test_get_orders_with_status_filter" time="0.126" /><testcase classname="backend.tests.test_iter87_features.TestCashfreeOrdersAPI" name="test_get_dashboard_stats" time="0.123" /><testcase classname="backend.tests.test_iter87_features.TestCashfreeOrdersAPI" name="test_get_config" time="0.127" /><testcase classname="backend.tests.test_iter87_features.TestCashfreeDeleteAPI" name="test_create_and_delete_order" time="1.293" /><testcase classname="backend.tests.test_iter87_features.TestCashfreeDeleteAPI" name="test_delete_nonexistent_order" time="0.109" /><testcase classname="backend.tests.test_iter87_features.TestCashfreeDeleteAPI" name="test_bulk_delete_empty_list" time="0.115" /><testcase classname="backend.tests.test_iter87_features.TestCashfreeDeleteAPI" name="test_bulk_delete_nonexistent_orders" time="0.108" /><testcase classname="backend.tests.test_iter87_features.TestHomepageAPI" name="test_website_create_order" time="0.638" /></testsuite></testsuites>