<?xml version="1.0" encoding="utf-8"?><testsuites name="pytest tests"><testsuite name="pytest" errors="0" failures="0" skipped="0" tests="21" time="3.403" timestamp="2026-03-18T16:22:17.129809+00:00" hostname="agent-env-01e2b113-9586-46b3-a131-695b26a85dea"><testcase classname="backend.tests.test_pagination_bulk_import_iter50.TestLeadsPagination" name="test_leads_default_pagination" time="0.258" /><testcase classname="backend.tests.test_pagination_bulk_import_iter50.TestLeadsPagination" name="test_leads_with_page_param" time="0.170" /><testcase classname="backend.tests.test_pagination_bulk_import_iter50.TestLeadsPagination" name="test_leads_page_2" time="0.335" /><testcase classname="backend.tests.test_pagination_bulk_import_iter50.TestLeadsPagination" name="test_leads_limit_max_500" time="0.148" /><testcase classname="backend.tests.test_pagination_bulk_import_iter50.TestLeadsPagination" name="test_leads_default_limit_250" time="0.154" /><testcase classname="backend.tests.test_pagination_bulk_import_iter50.TestLeadsPagination" name="test_leads_has_next_prev_flags" time="0.109" /><testcase classname="backend.tests.test_pagination_bulk_import_iter50.TestLeadsPagination" name="test_leads_search_with_pagination" time="0.183" /><testcase classname="backend.tests.test_pagination_bulk_import_iter50.TestLeadsPagination" name="test_leads_stage_filter_with_pagination" time="0.121" /><testcase classname="backend.tests.test_pagination_bulk_import_iter50.TestBulkImportPhoneExtraction" name="test_bulk_import_phone_in_first_column" time="0.165" /><testcase classname="backend.tests.test_pagination_bulk_import_iter50.TestBulkImportPhoneExtraction" name="test_bulk_import_phone_in_random_column" time="0.190" /><testcase classname="backend.tests.test_pagination_bulk_import_iter50.TestBulkImportPhoneExtraction" name="test_bulk_import_phone_mixed_with_text" time="0.152" /><testcase classname="backend.tests.test_pagination_bulk_import_iter50.TestBulkImportPhoneExtraction" name="test_bulk_import_phone_with_91_prefix" time="0.119" /><testcase classname="backend.tests.test_pagination_bulk_import_iter50.TestBulkImportPhoneExtraction" name="test_bulk_import_phone_with_dashes_spaces" time="0.134" /><testcase classname="backend.tests.test_pagination_bulk_import_iter50.TestBulkImportPhoneExtraction" name="test_bulk_import_validates_indian_mobile" time="0.137" /><testcase classname="backend.tests.test_pagination_bulk_import_iter50.TestBulkImportPhoneExtraction" name="test_bulk_import_empty_file" time="0.145" /><testcase classname="backend.tests.test_pagination_bulk_import_iter50.TestBulkImportPhoneExtraction" name="test_bulk_import_invalid_file_type" time="0.109" /><testcase classname="backend.tests.test_pagination_bulk_import_iter50.TestBulkImportPhoneExtraction" name="test_bulk_import_detects_duplicates" time="0.185" /><testcase classname="backend.tests.test_pagination_bulk_import_iter50.TestBulkImportPhoneExtraction" name="test_bulk_import_returns_columns_used" time="0.156" /><testcase classname="backend.tests.test_pagination_bulk_import_iter50.TestBulkImportManual" name="test_manual_import_newline_separated" time="0.108" /><testcase classname="backend.tests.test_pagination_bulk_import_iter50.TestBulkImportManual" name="test_manual_import_comma_separated" time="0.120" /><testcase classname="backend.tests.test_pagination_bulk_import_iter50.TestBulkImportManual" name="test_manual_import_empty_input" time="0.125" /></testsuite></testsuites>