<?xml version="1.0" encoding="utf-8"?><testsuites name="pytest tests"><testsuite name="pytest" errors="0" failures="0" skipped="0" tests="8" time="39.182" timestamp="2026-02-28T06:38:43.194975+00:00" hostname="agent-env-5c25292b-ffed-4dc8-91af-a69885e5f837"><testcase classname="backend.tests.test_staff_training.TestTrainingModulesAPI" name="test_get_training_modules_success" time="0.134" /><testcase classname="backend.tests.test_staff_training.TestAITrainingAssistant" name="test_ai_training_assistant_success" time="3.270" /><testcase classname="backend.tests.test_staff_training.TestAITrainingAssistant" name="test_ai_training_assistant_different_roles" time="32.711" /><testcase classname="backend.tests.test_staff_training.TestAITrainingAssistant" name="test_ai_training_assistant_empty_message" time="0.181" /><testcase classname="backend.tests.test_staff_training.TestTrainingProgress" name="test_save_training_progress" time="0.117" /><testcase classname="backend.tests.test_staff_training.TestTrainingProgress" name="test_get_training_progress" time="0.235" /><testcase classname="backend.tests.test_staff_training.TestTrainingProgress" name="test_save_progress_missing_fields" time="0.120" /><testcase classname="backend.tests.test_staff_training.TestPublicAIChatEndpoint" name="test_public_ai_chat_success" time="2.346" /></testsuite></testsuites>