<?xml version="1.0" encoding="utf-8"?><testsuites name="pytest tests"><testsuite name="pytest" errors="0" failures="1" skipped="0" tests="12" time="3.613" timestamp="2026-02-17T19:16:14.620019+00:00" hostname="agent-env-c3c033a2-7939-4a02-b899-1258fedd48ae"><testcase classname="backend.tests.test_iter11_features.TestHealthCheck" name="test_api_districts" time="0.845" /><testcase classname="backend.tests.test_iter11_features.TestSecureLead" name="test_secure_lead_with_6_fields" time="0.178" /><testcase classname="backend.tests.test_iter11_features.TestSecureLead" name="test_secure_lead_honeypot_blocks_spam" time="0.156" /><testcase classname="backend.tests.test_iter11_features.TestTestimonials" name="test_get_reviews" time="0.149" /><testcase classname="backend.tests.test_iter11_features.TestTestimonials" name="test_generate_testimonial" time="0.173" /><testcase classname="backend.tests.test_iter11_features.TestTestimonials" name="test_testimonial_appears_in_reviews" time="0.215" /><testcase classname="backend.tests.test_iter11_features.TestCRMDashboard" name="test_crm_dashboard_stats" time="0.140" /><testcase classname="backend.tests.test_iter11_features.TestCRMDashboard" name="test_crm_leads_list" time="0.163" /><testcase classname="backend.tests.test_iter11_features.TestAdminAuth" name="test_admin_send_otp" time="0.383" /><testcase classname="backend.tests.test_iter11_features.TestAdminAuth" name="test_admin_verify_otp" time="0.403" /><testcase classname="backend.tests.test_iter11_features.TestStaffLogin" name="test_staff_login_requires_2fa" time="0.326" /><testcase classname="backend.tests.test_iter11_features.TestStaffLogin" name="test_staff_2fa_verification" time="0.388"><failure message="assert 401 == 200&#10; +  where 401 = &lt;Response [401]&gt;.status_code">backend/tests/test_iter11_features.py:236: in test_staff_2fa_verification
    assert response.status_code == 200
E   assert 401 == 200
E    +  where 401 = &lt;Response [401]&gt;.status_code</failure></testcase></testsuite></testsuites>