<?xml version="1.0" encoding="utf-8"?><testsuites name="pytest tests"><testsuite name="pytest" errors="0" failures="0" skipped="0" tests="12" time="5.558" timestamp="2026-04-08T18:17:28.700568+00:00" hostname="agent-env-741205b8-251c-4d7d-8dcd-c46a235cef85"><testcase classname="backend.tests.test_cashfree_webhook.TestCashfreeWebhook" name="test_webhook_handles_payment_success" time="1.625" /><testcase classname="backend.tests.test_cashfree_webhook.TestCashfreeWebhook" name="test_webhook_handles_payment_failed" time="0.684" /><testcase classname="backend.tests.test_cashfree_webhook.TestCashfreeWebhook" name="test_webhook_returns_200_on_invalid_data" time="0.161" /><testcase classname="backend.tests.test_cashfree_webhook.TestCashfreeWebhook" name="test_webhook_idempotency_duplicate_processing" time="0.733" /><testcase classname="backend.tests.test_cashfree_webhook.TestCashfreeWebhook" name="test_legacy_webhook_endpoint" time="0.143" /><testcase classname="backend.tests.test_cashfree_webhook.TestWebsitePayment" name="test_website_payment_initiate" time="0.541" /><testcase classname="backend.tests.test_cashfree_webhook.TestWebsitePayment" name="test_website_payment_verify" time="0.628" /><testcase classname="backend.tests.test_cashfree_webhook.TestWebsitePayment" name="test_website_payment_verify_not_found" time="0.124" /><testcase classname="backend.tests.test_cashfree_webhook.TestWebsitePayment" name="test_website_payment_invalid_phone" time="0.401" /><testcase classname="backend.tests.test_cashfree_webhook.TestWebhookLogging" name="test_webhook_logs_are_created" time="0.159" /><testcase classname="backend.tests.test_cashfree_webhook.TestPaymentSettings" name="test_get_payment_settings" time="0.163" /><testcase classname="backend.tests.test_cashfree_webhook.TestPaymentSettings" name="test_get_webhook_url" time="0.128" /></testsuite></testsuites>