<?xml version="1.0" encoding="utf-8"?><testsuites name="pytest tests"><testsuite name="pytest" errors="0" failures="0" skipped="0" tests="17" time="3.938" timestamp="2026-02-13T20:28:33.134855+00:00" hostname="agent-env-7c540fa2-fc6b-493a-846c-22a855c0fe8f"><testcase classname="tests.test_admin_features.TestMarkAsPaid" name="test_save_registration_details" time="0.218" /><testcase classname="tests.test_admin_features.TestMarkAsPaid" name="test_get_registrations" time="0.139" /><testcase classname="tests.test_admin_features.TestMarkAsPaid" name="test_mark_registration_paid" time="0.497" /><testcase classname="tests.test_admin_features.TestMarkAsPaid" name="test_get_registration_fee" time="0.174" /><testcase classname="tests.test_admin_features.TestLeadsManagement" name="test_create_lead_for_edit_delete" time="0.168" /><testcase classname="tests.test_admin_features.TestLeadsManagement" name="test_edit_lead_via_admin" time="0.422" /><testcase classname="tests.test_admin_features.TestLeadsManagement" name="test_delete_lead_via_admin" time="0.586" /><testcase classname="tests.test_admin_features.TestAgentRegistration" name="test_register_new_agent" time="0.171" /><testcase classname="tests.test_admin_features.TestAgentRegistration" name="test_get_all_agents" time="0.322" /><testcase classname="tests.test_admin_features.TestPublicGovtNews" name="test_get_public_govt_news" time="0.152" /><testcase classname="tests.test_admin_features.TestPublicGovtNews" name="test_get_admin_govt_news" time="0.134" /><testcase classname="tests.test_admin_features.TestSolarCalculator" name="test_solar_calculation" time="0.188" /><testcase classname="tests.test_admin_features.TestSolarCalculator" name="test_solar_calculation_high_bill" time="0.163" /><testcase classname="tests.test_admin_features.TestExistingEndpoints" name="test_districts_endpoint" time="0.125" /><testcase classname="tests.test_admin_features.TestExistingEndpoints" name="test_leads_list" time="0.112" /><testcase classname="tests.test_admin_features.TestExistingEndpoints" name="test_dashboard_stats" time="0.154" /><testcase classname="tests.test_admin_features.TestExistingEndpoints" name="test_crm_dashboard" time="0.134" /></testsuite></testsuites>