<?xml version="1.0" encoding="utf-8"?><testsuites name="pytest tests"><testsuite name="pytest" errors="0" failures="0" skipped="0" tests="20" time="2.882" timestamp="2026-02-28T05:20:31.370233+00:00" hostname="agent-env-5c25292b-ffed-4dc8-91af-a69885e5f837"><testcase classname="backend.tests.test_hr_crm_iter31.TestCRMLeadCounter" name="test_crm_widget_stats_returns_correct_total_leads" time="0.391" /><testcase classname="backend.tests.test_hr_crm_iter31.TestCRMLeadCounter" name="test_crm_widget_stats_returns_proper_types" time="0.137" /><testcase classname="backend.tests.test_hr_crm_iter31.TestHRDashboard" name="test_hr_dashboard_returns_statistics" time="0.233" /><testcase classname="backend.tests.test_hr_crm_iter31.TestHRDashboard" name="test_hr_dashboard_has_department_breakdown" time="0.135" /><testcase classname="backend.tests.test_hr_crm_iter31.TestHREmployees" name="test_hr_employees_list" time="0.144" /><testcase classname="backend.tests.test_hr_crm_iter31.TestHREmployees" name="test_hr_employees_have_required_fields" time="0.125" /><testcase classname="backend.tests.test_hr_crm_iter31.TestHREmployees" name="test_hr_employees_filter_by_department" time="0.114" /><testcase classname="backend.tests.test_hr_crm_iter31.TestHREmployees" name="test_hr_employees_filter_by_status" time="0.122" /><testcase classname="backend.tests.test_hr_crm_iter31.TestHRLeaves" name="test_hr_leaves_list" time="0.120" /><testcase classname="backend.tests.test_hr_crm_iter31.TestHRLeaves" name="test_hr_leaves_have_required_fields" time="0.127" /><testcase classname="backend.tests.test_hr_crm_iter31.TestHRLeaves" name="test_hr_leaves_filter_by_status" time="0.119" /><testcase classname="backend.tests.test_hr_crm_iter31.TestHRPerformance" name="test_hr_performance_returns_data" time="0.122" /><testcase classname="backend.tests.test_hr_crm_iter31.TestHRPerformance" name="test_hr_performance_data_structure" time="0.118" /><testcase classname="backend.tests.test_hr_crm_iter31.TestHRModularRoutes" name="test_hr_dashboard_endpoint_accessible" time="0.119" /><testcase classname="backend.tests.test_hr_crm_iter31.TestHRModularRoutes" name="test_hr_employees_endpoint_accessible" time="0.107" /><testcase classname="backend.tests.test_hr_crm_iter31.TestHRModularRoutes" name="test_hr_leaves_endpoint_accessible" time="0.108" /><testcase classname="backend.tests.test_hr_crm_iter31.TestHRModularRoutes" name="test_hr_performance_endpoint_accessible" time="0.101" /><testcase classname="backend.tests.test_hr_crm_iter31.TestHRModularRoutes" name="test_hr_attendance_endpoint_accessible" time="0.123" /><testcase classname="backend.tests.test_hr_crm_iter31.TestCRMDashboard" name="test_crm_dashboard_returns_data" time="0.113" /><testcase classname="backend.tests.test_hr_crm_iter31.TestCRMDashboard" name="test_crm_leads_endpoint" time="0.111" /></testsuite></testsuites>