<?xml version="1.0" encoding="utf-8"?><testsuites name="pytest tests"><testsuite name="pytest" errors="0" failures="0" skipped="0" tests="15" time="3.345" timestamp="2026-04-08T20:06:24.715638+00:00" hostname="agent-env-741205b8-251c-4d7d-8dcd-c46a235cef85"><testcase classname="backend.tests.test_cashfree_payments_iter85.TestPaymentSystemStatus" name="test_get_payment_system_status" time="0.211" /><testcase classname="backend.tests.test_cashfree_payments_iter85.TestPaymentSettings" name="test_get_payment_settings" time="0.115" /><testcase classname="backend.tests.test_cashfree_payments_iter85.TestPaymentDashboardStats" name="test_get_dashboard_stats" time="0.158" /><testcase classname="backend.tests.test_cashfree_payments_iter85.TestCreatePaymentLink" name="test_create_payment_link_expected_error" time="1.138" /><testcase classname="backend.tests.test_cashfree_payments_iter85.TestCreatePaymentLink" name="test_create_payment_link_validation" time="0.123" /><testcase classname="backend.tests.test_cashfree_payments_iter85.TestLeadPaymentHistory" name="test_get_lead_payments_empty" time="0.123" /><testcase classname="backend.tests.test_cashfree_payments_iter85.TestLeadPaymentHistory" name="test_get_lead_payments_with_existing_lead" time="0.232" /><testcase classname="backend.tests.test_cashfree_payments_iter85.TestPaymentStatusLabels" name="test_payment_statuses_in_transactions" time="0.128" /><testcase classname="backend.tests.test_cashfree_payments_iter85.TestPaymentErrorHandling" name="test_get_nonexistent_transaction" time="0.170" /><testcase classname="backend.tests.test_cashfree_payments_iter85.TestPaymentErrorHandling" name="test_resend_nonexistent_link" time="0.115" /><testcase classname="backend.tests.test_cashfree_payments_iter85.TestPaymentErrorHandling" name="test_cancel_nonexistent_link" time="0.128" /><testcase classname="backend.tests.test_cashfree_payments_iter85.TestPaymentErrorHandling" name="test_manual_payment_nonexistent_lead" time="0.116" /><testcase classname="backend.tests.test_cashfree_payments_iter85.TestWebhookEndpoint" name="test_webhook_endpoint_exists" time="0.131" /><testcase classname="backend.tests.test_cashfree_payments_iter85.TestWebhookEndpoint" name="test_cashfree_webhook_endpoint_exists" time="0.136" /><testcase classname="backend.tests.test_cashfree_payments_iter85.TestPaymentConstants" name="test_support_contact_info" time="0.230" /></testsuite></testsuites>