<?xml version="1.0" encoding="utf-8"?><testsuites name="pytest tests"><testsuite name="pytest" errors="0" failures="0" skipped="0" tests="14" time="4.737" timestamp="2026-02-23T11:33:01.287789+00:00" hostname="agent-env-8154982a-ca41-42a7-ade9-1d7e8eac274b"><testcase classname="backend.tests.test_iter24_features.TestHealthAndGzip" name="test_health_endpoint" time="0.358" /><testcase classname="backend.tests.test_iter24_features.TestHealthAndGzip" name="test_gzip_compression_enabled" time="0.114" /><testcase classname="backend.tests.test_iter24_features.TestDistrictFees" name="test_get_admin_district_fees" time="0.112" /><testcase classname="backend.tests.test_iter24_features.TestDistrictFees" name="test_update_district_delivery_fees" time="0.292" /><testcase classname="backend.tests.test_iter24_features.TestDistrictFees" name="test_update_fees_empty_payload" time="0.101" /><testcase classname="backend.tests.test_iter24_features.TestServiceBookingsSync" name="test_sync_service_bookings" time="0.107" /><testcase classname="backend.tests.test_iter24_features.TestServiceBookingsSync" name="test_sync_service_bookings_idempotent" time="0.174" /><testcase classname="backend.tests.test_iter24_features.TestCRMRazorpayPayments" name="test_get_crm_razorpay_payments" time="1.592" /><testcase classname="backend.tests.test_iter24_features.TestCRMRazorpayPayments" name="test_get_crm_razorpay_payments_with_pagination" time="1.059" /><testcase classname="backend.tests.test_iter24_features.TestImageOptimization" name="test_upload_optimize_image_webp" time="0.197" /><testcase classname="backend.tests.test_iter24_features.TestImageOptimization" name="test_upload_optimize_image_invalid_file" time="0.099" /><testcase classname="backend.tests.test_iter24_features.TestImageOptimization" name="test_get_uploaded_image" time="0.212" /><testcase classname="backend.tests.test_iter24_features.TestBiharDistrictsEndpoint" name="test_get_bihar_districts" time="0.098" /><testcase classname="backend.tests.test_iter24_features.TestShopStatsEndpoint" name="test_get_shop_stats" time="0.136" /></testsuite></testsuites>