<?xml version="1.0" encoding="utf-8"?><testsuites name="pytest tests"><testsuite name="pytest" errors="0" failures="1" skipped="0" tests="14" time="4.360" timestamp="2026-04-11T16:01:21.125713+00:00" hostname="agent-env-741205b8-251c-4d7d-8dcd-c46a235cef85"><testcase classname="backend.tests.test_otp_backend.TestOTPSendEndpoint" name="test_otp_send_valid_mobile" time="0.552" /><testcase classname="backend.tests.test_otp_backend.TestOTPSendEndpoint" name="test_otp_send_with_country_code" time="0.448" /><testcase classname="backend.tests.test_otp_backend.TestOTPSendEndpoint" name="test_otp_send_invalid_mobile_short" time="0.111" /><testcase classname="backend.tests.test_otp_backend.TestOTPSendEndpoint" name="test_otp_send_empty_mobile" time="0.103" /><testcase classname="backend.tests.test_otp_backend.TestOTPVerifyEndpoint" name="test_otp_verify_wrong_otp" time="0.555" /><testcase classname="backend.tests.test_otp_backend.TestOTPVerifyEndpoint" name="test_otp_verify_missing_otp" time="0.174" /><testcase classname="backend.tests.test_otp_backend.TestOTPVerifyEndpoint" name="test_otp_verify_no_stored_otp" time="0.421" /><testcase classname="backend.tests.test_otp_backend.TestOTPResendEndpoint" name="test_otp_resend_valid" time="0.440" /><testcase classname="backend.tests.test_otp_backend.TestAdminLoginOTP" name="test_admin_login_password_step1" time="0.100" /><testcase classname="backend.tests.test_otp_backend.TestAdminLoginOTP" name="test_admin_login_otp_mobile" time="0.568" /><testcase classname="backend.tests.test_otp_backend.TestStaffLoginOTP" name="test_staff_login_email_password" time="0.121" /><testcase classname="backend.tests.test_otp_backend.TestStaffLoginOTP" name="test_staff_mobile_otp_send" time="0.455" /><testcase classname="backend.tests.test_otp_backend.TestHealthAndBasicEndpoints" name="test_health_endpoint" time="0.121"><failure message="assert 404 == 200&#10; +  where 404 = &lt;Response [404]&gt;.status_code">backend/tests/test_otp_backend.py:211: in test_health_endpoint
    assert response.status_code == 200
E   assert 404 == 200
E    +  where 404 = &lt;Response [404]&gt;.status_code</failure></testcase><testcase classname="backend.tests.test_otp_backend.TestHealthAndBasicEndpoints" name="test_api_root" time="0.104" /></testsuite></testsuites>