<?xml version="1.0" encoding="utf-8"?><testsuites name="pytest tests"><testsuite name="pytest" errors="0" failures="0" skipped="0" tests="28" time="4.613" timestamp="2026-04-06T15:47:46.330245+00:00" hostname="agent-env-741205b8-251c-4d7d-8dcd-c46a235cef85"><testcase classname="backend.tests.test_whatsapp_automation_bot.TestBotStatusAPI" name="test_bot_status_returns_200" time="0.158" /><testcase classname="backend.tests.test_whatsapp_automation_bot.TestBotStatusAPI" name="test_bot_status_has_business_hours_info" time="0.133" /><testcase classname="backend.tests.test_whatsapp_automation_bot.TestBotStatusAPI" name="test_bot_status_has_today_stats" time="0.122" /><testcase classname="backend.tests.test_whatsapp_automation_bot.TestBotTestAPI" name="test_bot_test_detects_greeting_hi" time="0.133" /><testcase classname="backend.tests.test_whatsapp_automation_bot.TestBotTestAPI" name="test_bot_test_detects_greeting_hello" time="0.111" /><testcase classname="backend.tests.test_whatsapp_automation_bot.TestBotTestAPI" name="test_bot_test_detects_greeting_namaste" time="0.198" /><testcase classname="backend.tests.test_whatsapp_automation_bot.TestBotTestAPI" name="test_bot_test_detects_option_1" time="0.127" /><testcase classname="backend.tests.test_whatsapp_automation_bot.TestBotTestAPI" name="test_bot_test_detects_option_3" time="0.125" /><testcase classname="backend.tests.test_whatsapp_automation_bot.TestBotTestAPI" name="test_bot_test_detects_option_5" time="0.116" /><testcase classname="backend.tests.test_whatsapp_automation_bot.TestBotTestAPI" name="test_bot_test_detects_option_7" time="0.113" /><testcase classname="backend.tests.test_whatsapp_automation_bot.TestBotTestAPI" name="test_bot_test_detects_all_options_1_to_7" time="0.880" /><testcase classname="backend.tests.test_whatsapp_automation_bot.TestBotTestAPI" name="test_bot_test_detects_facebook_lead_source" time="0.128" /><testcase classname="backend.tests.test_whatsapp_automation_bot.TestBotTestAPI" name="test_bot_test_detects_instagram_lead_source" time="0.149" /><testcase classname="backend.tests.test_whatsapp_automation_bot.TestBotTestAPI" name="test_bot_test_returns_reply_type" time="0.140" /><testcase classname="backend.tests.test_whatsapp_automation_bot.TestBotTestAPI" name="test_bot_test_returns_quick_reply_for_option" time="0.113" /><testcase classname="backend.tests.test_whatsapp_automation_bot.TestBotBusinessHoursLogic" name="test_bot_status_shows_business_hours_flag" time="0.138" /><testcase classname="backend.tests.test_whatsapp_automation_bot.TestBotBusinessHoursLogic" name="test_after_hours_response_for_greeting" time="0.242" /><testcase classname="backend.tests.test_whatsapp_automation_bot.TestWebhookProcessing" name="test_webhook_get_verification" time="0.142" /><testcase classname="backend.tests.test_whatsapp_automation_bot.TestWebhookProcessing" name="test_webhook_post_accepts_payload" time="0.120" /><testcase classname="backend.tests.test_whatsapp_automation_bot.TestFollowUpScheduling" name="test_get_follow_ups_endpoint" time="0.112" /><testcase classname="backend.tests.test_whatsapp_automation_bot.TestFollowUpScheduling" name="test_get_pending_follow_ups" time="0.119" /><testcase classname="backend.tests.test_whatsapp_automation_bot.TestFollowUpScheduling" name="test_process_follow_ups_endpoint" time="0.161" /><testcase classname="backend.tests.test_whatsapp_automation_bot.TestAutomationSettings" name="test_get_automation_settings" time="0.121" /><testcase classname="backend.tests.test_whatsapp_automation_bot.TestAutomationSettings" name="test_get_bot_settings" time="0.125" /><testcase classname="backend.tests.test_whatsapp_automation_bot.TestKeywordDetection" name="test_detect_home_solar_keyword" time="0.126" /><testcase classname="backend.tests.test_whatsapp_automation_bot.TestKeywordDetection" name="test_detect_subsidy_keyword" time="0.126" /><testcase classname="backend.tests.test_whatsapp_automation_bot.TestKeywordDetection" name="test_detect_price_keyword" time="0.129" /><testcase classname="backend.tests.test_whatsapp_automation_bot.TestKeywordDetection" name="test_detect_site_visit_keyword" time="0.108" /></testsuite></testsuites>