<?xml version="1.0" encoding="utf-8"?><testsuites name="pytest tests"><testsuite name="pytest" errors="0" failures="0" skipped="0" tests="10" time="1.241" timestamp="2026-04-08T06:14:36.622669+00:00" hostname="agent-env-741205b8-251c-4d7d-8dcd-c46a235cef85"><testcase classname="backend.tests.test_iter76_features.TestBulkDeleteEndpoint" name="test_bulk_delete_endpoint_exists" time="0.125" /><testcase classname="backend.tests.test_iter76_features.TestBulkDeleteEndpoint" name="test_bulk_delete_with_invalid_ids" time="0.106" /><testcase classname="backend.tests.test_iter76_features.TestNewLeadsEndpoint" name="test_new_leads_default_returns_all_sources" time="0.143" /><testcase classname="backend.tests.test_iter76_features.TestNewLeadsEndpoint" name="test_new_leads_with_source_filter" time="0.128" /><testcase classname="backend.tests.test_iter76_features.TestNewLeadsEndpoint" name="test_new_leads_count_endpoint" time="0.120" /><testcase classname="backend.tests.test_iter76_features.TestWhatsAppTemplates" name="test_get_templates" time="0.110" /><testcase classname="backend.tests.test_iter76_features.TestWhatsAppTemplates" name="test_hello_world_template_has_no_variables" time="0.110" /><testcase classname="backend.tests.test_iter76_features.TestBookServiceWidget" name="test_book_solar_config_endpoint" time="0.102" /><testcase classname="backend.tests.test_iter76_features.TestCRMDashboard" name="test_dashboard_endpoint" time="0.107" /><testcase classname="backend.tests.test_iter76_features.TestCRMDashboard" name="test_leads_endpoint" time="0.124" /></testsuite></testsuites>