<?xml version="1.0" encoding="utf-8"?><testsuites name="pytest tests"><testsuite name="pytest" errors="0" failures="0" skipped="0" tests="43" time="6.973" timestamp="2026-04-06T17:36:00.280861+00:00" hostname="agent-env-741205b8-251c-4d7d-8dcd-c46a235cef85"><testcase classname="backend.tests.test_whatsapp_automation_bot.TestBotStatusAPI" name="test_bot_status_returns_200" time="0.246" /><testcase classname="backend.tests.test_whatsapp_automation_bot.TestBotStatusAPI" name="test_bot_status_has_business_hours_info" time="0.110" /><testcase classname="backend.tests.test_whatsapp_automation_bot.TestBotStatusAPI" name="test_bot_status_has_today_stats" time="0.133" /><testcase classname="backend.tests.test_whatsapp_automation_bot.TestBotTestAPI" name="test_bot_test_detects_greeting_hi" time="0.119" /><testcase classname="backend.tests.test_whatsapp_automation_bot.TestBotTestAPI" name="test_bot_test_detects_greeting_hello" time="0.276" /><testcase classname="backend.tests.test_whatsapp_automation_bot.TestBotTestAPI" name="test_bot_test_detects_greeting_namaste" time="0.140" /><testcase classname="backend.tests.test_whatsapp_automation_bot.TestBotTestAPI" name="test_bot_test_detects_option_1" time="0.115" /><testcase classname="backend.tests.test_whatsapp_automation_bot.TestBotTestAPI" name="test_bot_test_detects_option_3" time="0.205" /><testcase classname="backend.tests.test_whatsapp_automation_bot.TestBotTestAPI" name="test_bot_test_detects_option_5" time="0.133" /><testcase classname="backend.tests.test_whatsapp_automation_bot.TestBotTestAPI" name="test_bot_test_detects_option_7" time="0.127" /><testcase classname="backend.tests.test_whatsapp_automation_bot.TestBotTestAPI" name="test_bot_test_detects_all_options_1_to_7" time="0.838" /><testcase classname="backend.tests.test_whatsapp_automation_bot.TestBotTestAPI" name="test_bot_test_detects_facebook_lead_source" time="0.116" /><testcase classname="backend.tests.test_whatsapp_automation_bot.TestBotTestAPI" name="test_bot_test_detects_instagram_lead_source" time="0.123" /><testcase classname="backend.tests.test_whatsapp_automation_bot.TestBotTestAPI" name="test_bot_test_returns_reply_type" time="0.121" /><testcase classname="backend.tests.test_whatsapp_automation_bot.TestBotTestAPI" name="test_bot_test_returns_quick_reply_for_option" time="0.151" /><testcase classname="backend.tests.test_whatsapp_automation_bot.TestBotBusinessHoursLogic" name="test_bot_status_shows_business_hours_flag" time="0.121" /><testcase classname="backend.tests.test_whatsapp_automation_bot.TestBotBusinessHoursLogic" name="test_after_hours_response_for_greeting" time="0.229" /><testcase classname="backend.tests.test_whatsapp_automation_bot.TestWebhookProcessing" name="test_webhook_get_verification" time="0.126" /><testcase classname="backend.tests.test_whatsapp_automation_bot.TestWebhookProcessing" name="test_webhook_post_accepts_payload" time="0.150" /><testcase classname="backend.tests.test_whatsapp_automation_bot.TestFollowUpScheduling" name="test_get_follow_ups_endpoint" time="0.159" /><testcase classname="backend.tests.test_whatsapp_automation_bot.TestFollowUpScheduling" name="test_get_pending_follow_ups" time="0.152" /><testcase classname="backend.tests.test_whatsapp_automation_bot.TestFollowUpScheduling" name="test_process_follow_ups_endpoint" time="0.117" /><testcase classname="backend.tests.test_whatsapp_automation_bot.TestAutomationSettings" name="test_get_automation_settings" time="0.145" /><testcase classname="backend.tests.test_whatsapp_automation_bot.TestAutomationSettings" name="test_get_bot_settings" time="0.128" /><testcase classname="backend.tests.test_whatsapp_automation_bot.TestKeywordDetection" name="test_detect_home_solar_keyword" time="0.150" /><testcase classname="backend.tests.test_whatsapp_automation_bot.TestKeywordDetection" name="test_detect_subsidy_keyword" time="0.150" /><testcase classname="backend.tests.test_whatsapp_automation_bot.TestKeywordDetection" name="test_detect_price_keyword" time="0.127" /><testcase classname="backend.tests.test_whatsapp_automation_bot.TestKeywordDetection" name="test_detect_site_visit_keyword" time="0.112" /><testcase classname="backend.tests.test_whatsapp_automation_bot.TestHindiHinglishKeywords" name="test_detect_ghar_ka_solar" time="0.142" /><testcase classname="backend.tests.test_whatsapp_automation_bot.TestHindiHinglishKeywords" name="test_detect_ghar_keyword" time="0.114" /><testcase classname="backend.tests.test_whatsapp_automation_bot.TestHindiHinglishKeywords" name="test_detect_dukan_keyword" time="0.150" /><testcase classname="backend.tests.test_whatsapp_automation_bot.TestHindiHinglishKeywords" name="test_detect_kitna_keyword" time="0.134" /><testcase classname="backend.tests.test_whatsapp_automation_bot.TestShortFriendlyMessages" name="test_option_1_response_is_short" time="0.124" /><testcase classname="backend.tests.test_whatsapp_automation_bot.TestShortFriendlyMessages" name="test_option_4_response_is_short" time="0.136" /><testcase classname="backend.tests.test_whatsapp_automation_bot.TestShortFriendlyMessages" name="test_option_5_response_is_short" time="0.115" /><testcase classname="backend.tests.test_whatsapp_automation_bot.TestLeadScoring" name="test_price_request_is_hot_lead" time="0.127" /><testcase classname="backend.tests.test_whatsapp_automation_bot.TestLeadScoring" name="test_site_visit_request_is_hot_lead" time="0.125" /><testcase classname="backend.tests.test_whatsapp_automation_bot.TestLeadScoring" name="test_sales_callback_is_hot_lead" time="0.131" /><testcase classname="backend.tests.test_whatsapp_automation_bot.TestFreeTextIntentDetection" name="test_free_text_price_maps_to_option_4" time="0.162" /><testcase classname="backend.tests.test_whatsapp_automation_bot.TestFreeTextIntentDetection" name="test_free_text_subsidy_maps_to_option_3" time="0.149" /><testcase classname="backend.tests.test_whatsapp_automation_bot.TestFreeTextIntentDetection" name="test_free_text_ghar_ka_solar_maps_to_option_1" time="0.141" /><testcase classname="backend.tests.test_whatsapp_automation_bot.TestFreeTextIntentDetection" name="test_free_text_cost_maps_to_option_4" time="0.135" /><testcase classname="backend.tests.test_whatsapp_automation_bot.TestFreeTextIntentDetection" name="test_free_text_quotation_maps_to_option_4" time="0.150" /></testsuite></testsuites>