<?xml version="1.0" encoding="utf-8"?><testsuites name="pytest tests"><testsuite name="pytest" errors="0" failures="0" skipped="0" tests="9" time="1.252" timestamp="2026-04-06T06:34:16.956610+00:00" hostname="agent-env-741205b8-251c-4d7d-8dcd-c46a235cef85"><testcase classname="backend.tests.test_staff_portal_iter65.TestStaffLeadsCallTracking" name="test_staff_login" time="0.141" /><testcase classname="backend.tests.test_staff_portal_iter65.TestStaffLeadsCallTracking" name="test_staff_leads_endpoint" time="0.105" /><testcase classname="backend.tests.test_staff_portal_iter65.TestStaffLeadsCallTracking" name="test_staff_update_lead_with_call_status" time="0.307" /><testcase classname="backend.tests.test_staff_portal_iter65.TestStaffDashboard" name="test_staff_dashboard" time="0.109" /><testcase classname="backend.tests.test_staff_portal_iter65.TestWhatsAppConversationsFiltering" name="test_whatsapp_conversations_list" time="0.129" /><testcase classname="backend.tests.test_staff_portal_iter65.TestWhatsAppConversationsFiltering" name="test_whatsapp_unread_count" time="0.109" /><testcase classname="backend.tests.test_staff_portal_iter65.TestSocialSettings" name="test_social_settings_masked" time="0.104" /><testcase classname="backend.tests.test_staff_portal_iter65.TestStaffLeadsSorting" name="test_leads_have_assigned_at_field" time="0.095" /><testcase classname="backend.tests.test_staff_portal_iter65.TestFilterCounts" name="test_leads_have_call_status_for_filtering" time="0.100" /></testsuite></testsuites>