<?xml version="1.0" encoding="utf-8"?><testsuites name="pytest tests"><testsuite name="pytest" errors="0" failures="0" skipped="0" tests="12" time="1.524" timestamp="2026-04-08T09:08:40.526716+00:00" hostname="agent-env-741205b8-251c-4d7d-8dcd-c46a235cef85"><testcase classname="backend.tests.test_iter80_whatsapp_crm.TestSiteSettingsAPI" name="test_get_site_settings" time="0.132" /><testcase classname="backend.tests.test_iter80_whatsapp_crm.TestSiteSettingsAPI" name="test_update_site_settings" time="0.292" /><testcase classname="backend.tests.test_iter80_whatsapp_crm.TestCRMDashboardAPI" name="test_crm_dashboard_endpoint" time="0.104" /><testcase classname="backend.tests.test_iter80_whatsapp_crm.TestCRMDashboardAPI" name="test_crm_leads_endpoint" time="0.104" /><testcase classname="backend.tests.test_iter80_whatsapp_crm.TestWhatsAppAPI" name="test_whatsapp_templates_endpoint" time="0.106" /><testcase classname="backend.tests.test_iter80_whatsapp_crm.TestWhatsAppAPI" name="test_whatsapp_conversations_endpoint" time="0.103" /><testcase classname="backend.tests.test_iter80_whatsapp_crm.TestWhatsAppAPI" name="test_whatsapp_unread_count_endpoint" time="0.096" /><testcase classname="backend.tests.test_iter80_whatsapp_crm.TestStaffPortalAPI" name="test_staff_login_email" time="0.110" /><testcase classname="backend.tests.test_iter80_whatsapp_crm.TestStaffPortalAPI" name="test_staff_dashboard" time="0.105" /><testcase classname="backend.tests.test_iter80_whatsapp_crm.TestStaffPortalAPI" name="test_staff_leads" time="0.099" /><testcase classname="backend.tests.test_iter80_whatsapp_crm.TestServiceBookingsAPI" name="test_service_bookings_endpoint" time="0.109" /><testcase classname="backend.tests.test_iter80_whatsapp_crm.TestServiceBookingsAPI" name="test_service_config_endpoint" time="0.099" /></testsuite></testsuites>