<?xml version="1.0" encoding="utf-8"?><testsuites name="pytest tests"><testsuite name="pytest" errors="0" failures="0" skipped="0" tests="11" time="1.633" timestamp="2026-04-08T08:33:33.809660+00:00" hostname="agent-env-741205b8-251c-4d7d-8dcd-c46a235cef85"><testcase classname="backend.tests.test_iter79_site_settings.TestSiteSettings" name="test_get_site_settings_returns_marquee_fields" time="0.136" /><testcase classname="backend.tests.test_iter79_site_settings.TestSiteSettings" name="test_post_site_settings_saves_marquee" time="0.193" /><testcase classname="backend.tests.test_iter79_site_settings.TestSiteSettings" name="test_post_site_settings_toggle_enabled" time="0.441" /><testcase classname="backend.tests.test_iter79_site_settings.TestStaffLoginMethods" name="test_staff_login_email_endpoint_exists" time="0.098" /><testcase classname="backend.tests.test_iter79_site_settings.TestStaffLoginMethods" name="test_staff_login_mobile_otp_send_endpoint" time="0.091" /><testcase classname="backend.tests.test_iter79_site_settings.TestStaffLoginMethods" name="test_staff_login_mobile_otp_verify_endpoint" time="0.100" /><testcase classname="backend.tests.test_iter79_site_settings.TestStaffLoginMethods" name="test_staff_login_email_2fa_endpoint_exists" time="0.104" /><testcase classname="backend.tests.test_iter79_site_settings.TestStaffLoginMethods" name="test_staff_login_basic_endpoint_exists" time="0.099" /><testcase classname="backend.tests.test_iter79_site_settings.TestCRMDashboardTabs" name="test_crm_dashboard_loads" time="0.099" /><testcase classname="backend.tests.test_iter79_site_settings.TestWhatsAppAPI" name="test_whatsapp_templates_endpoint" time="0.114" /><testcase classname="backend.tests.test_iter79_site_settings.TestWhatsAppAPI" name="test_whatsapp_send_endpoint" time="0.095" /></testsuite></testsuites>