<?xml version="1.0" encoding="utf-8"?><testsuites name="pytest tests"><testsuite name="pytest" errors="0" failures="0" skipped="0" tests="11" time="2.891" timestamp="2026-02-17T19:42:11.414484+00:00" hostname="agent-env-f9096ea4-bb6c-4e02-a1f6-0e3cc202a2fb"><testcase classname="backend.tests.test_performance_optimization.TestPerformanceOptimization" name="test_crm_dashboard_response_time" time="0.221" /><testcase classname="backend.tests.test_performance_optimization.TestPerformanceOptimization" name="test_dashboard_stats_response_time" time="0.152" /><testcase classname="backend.tests.test_performance_optimization.TestPerformanceOptimization" name="test_admin_analytics_response_time" time="0.142" /><testcase classname="backend.tests.test_performance_optimization.TestInquiryFormWithoutRecaptcha" name="test_secure_lead_without_recaptcha" time="0.475" /><testcase classname="backend.tests.test_performance_optimization.TestInquiryFormWithoutRecaptcha" name="test_honeypot_protection_still_active" time="0.181" /><testcase classname="backend.tests.test_performance_optimization.TestAdminLogin" name="test_send_otp" time="0.467" /><testcase classname="backend.tests.test_performance_optimization.TestAdminLogin" name="test_verify_otp_with_fallback" time="0.555" /><testcase classname="backend.tests.test_performance_optimization.TestCRMDashboardData" name="test_crm_leads_list" time="0.162" /><testcase classname="backend.tests.test_performance_optimization.TestCRMDashboardData" name="test_crm_dashboard_pipeline_stats" time="0.158" /><testcase classname="backend.tests.test_performance_optimization.TestHomepageAndLazyLoading" name="test_homepage_loads" time="0.152" /><testcase classname="backend.tests.test_performance_optimization.TestHomepageAndLazyLoading" name="test_districts_api_for_form" time="0.147" /></testsuite></testsuites>