<?xml version="1.0" encoding="utf-8"?><testsuites name="pytest tests"><testsuite name="pytest" errors="0" failures="0" skipped="0" tests="16" time="9.018" timestamp="2026-02-23T06:05:04.966224+00:00" hostname="agent-env-3b138496-b8bf-4d39-9027-34f5c301780a"><testcase classname="backend.tests.test_shop_iter19.TestPincodeDeliveryCheck" name="test_patna_800001_deliverable" time="0.193" /><testcase classname="backend.tests.test_shop_iter19.TestPincodeDeliveryCheck" name="test_gaya_823001_deliverable" time="0.103" /><testcase classname="backend.tests.test_shop_iter19.TestPincodeDeliveryCheck" name="test_delhi_110001_not_deliverable" time="0.112" /><testcase classname="backend.tests.test_shop_iter19.TestPincodeDeliveryCheck" name="test_muzaffarpur_842001_deliverable" time="0.110" /><testcase classname="backend.tests.test_shop_iter19.TestPincodeDeliveryCheck" name="test_generic_bihar_pincode_deliverable" time="0.118" /><testcase classname="backend.tests.test_shop_iter19.TestOrderTracking" name="test_track_order_invalid_data_returns_404" time="0.106" /><testcase classname="backend.tests.test_shop_iter19.TestOrderTracking" name="test_track_order_missing_data_returns_400" time="0.130" /><testcase classname="backend.tests.test_shop_iter19.TestRazorpayConfig" name="test_get_razorpay_key" time="0.099" /><testcase classname="backend.tests.test_shop_iter19.TestServiceDescriptionGeneration" name="test_generate_service_description" time="6.304" /><testcase classname="backend.tests.test_shop_iter19.TestOrderCRUDOperations" name="test_create_order_cod_method" time="0.219" /><testcase classname="backend.tests.test_shop_iter19.TestOrderCRUDOperations" name="test_order_lifecycle" time="0.563" /><testcase classname="backend.tests.test_shop_iter19.TestOrderDelete" name="test_delete_pending_order" time="0.247" /><testcase classname="backend.tests.test_shop_iter19.TestOrderDelete" name="test_delete_nonexistent_order_returns_404" time="0.119" /><testcase classname="backend.tests.test_shop_iter19.TestShopProducts" name="test_get_products" time="0.113" /><testcase classname="backend.tests.test_shop_iter19.TestShopProducts" name="test_get_categories" time="0.109" /><testcase classname="backend.tests.test_shop_iter19.TestOrderTrackWithRealOrder" name="test_create_and_track_order" time="0.318" /></testsuite></testsuites>