<?xml version="1.0" encoding="utf-8"?><testsuites name="pytest tests"><testsuite name="pytest" errors="0" failures="0" skipped="0" tests="10" time="1.275" timestamp="2026-04-08T07:02:15.466378+00:00" hostname="agent-env-741205b8-251c-4d7d-8dcd-c46a235cef85"><testcase classname="backend.tests.test_iter77_crm_features.TestCRMLeadsAPI" name="test_get_leads_returns_pagination_structure" time="0.176" /><testcase classname="backend.tests.test_iter77_crm_features.TestCRMLeadsAPI" name="test_get_leads_with_page_parameter" time="0.109" /><testcase classname="backend.tests.test_iter77_crm_features.TestTrashFeatures" name="test_get_trash_endpoint" time="0.102" /><testcase classname="backend.tests.test_iter77_crm_features.TestTrashFeatures" name="test_restore_leads_endpoint_empty_list" time="0.135" /><testcase classname="backend.tests.test_iter77_crm_features.TestTrashFeatures" name="test_restore_leads_endpoint_with_ids" time="0.141" /><testcase classname="backend.tests.test_iter77_crm_features.TestBulkDeleteFeatures" name="test_bulk_delete_empty_list" time="0.098" /><testcase classname="backend.tests.test_iter77_crm_features.TestBulkDeleteFeatures" name="test_bulk_delete_with_ids" time="0.118" /><testcase classname="backend.tests.test_iter77_crm_features.TestNewInquiriesTab" name="test_new_leads_whatsapp_only" time="0.094" /><testcase classname="backend.tests.test_iter77_crm_features.TestNewInquiriesTab" name="test_new_leads_count_whatsapp" time="0.114" /><testcase classname="backend.tests.test_iter77_crm_features.TestCRMDashboard" name="test_dashboard_endpoint" time="0.108" /></testsuite></testsuites>