<?xml version="1.0" encoding="utf-8"?><testsuites name="pytest tests"><testsuite name="pytest" errors="0" failures="0" skipped="0" tests="15" time="1.665" timestamp="2026-02-22T16:47:26.746783+00:00" hostname="agent-env-a94e7088-a1db-4d80-b68e-31af779fd4e0"><testcase classname="backend.tests.test_shop_ecommerce.TestProductCategories" name="test_get_categories" time="0.152" /><testcase classname="backend.tests.test_shop_ecommerce.TestProducts" name="test_get_all_products" time="0.058" /><testcase classname="backend.tests.test_shop_ecommerce.TestProducts" name="test_product_has_required_fields" time="0.068" /><testcase classname="backend.tests.test_shop_ecommerce.TestProducts" name="test_filter_by_category" time="0.060" /><testcase classname="backend.tests.test_shop_ecommerce.TestProducts" name="test_create_product" time="0.056" /><testcase classname="backend.tests.test_shop_ecommerce.TestProducts" name="test_get_inactive_products" time="0.052" /><testcase classname="backend.tests.test_shop_ecommerce.TestShopStats" name="test_get_shop_stats" time="0.062" /><testcase classname="backend.tests.test_shop_ecommerce.TestOrders" name="test_create_order_cod_pickup" time="0.105" /><testcase classname="backend.tests.test_shop_ecommerce.TestOrders" name="test_create_order_cod_delivery" time="0.162" /><testcase classname="backend.tests.test_shop_ecommerce.TestOrders" name="test_create_order_razorpay" time="0.112" /><testcase classname="backend.tests.test_shop_ecommerce.TestOrders" name="test_get_all_orders" time="0.062" /><testcase classname="backend.tests.test_shop_ecommerce.TestOrders" name="test_order_has_required_fields" time="0.051" /><testcase classname="backend.tests.test_shop_ecommerce.TestOrders" name="test_update_order_status" time="0.105" /><testcase classname="backend.tests.test_shop_ecommerce.TestCRMIntegration" name="test_crm_messages_created_on_order" time="0.217" /><testcase classname="backend.tests.test_shop_ecommerce.TestWhatsAppNotifications" name="test_whatsapp_url_format" time="0.274" /></testsuite></testsuites>