<?xml version="1.0" encoding="utf-8"?><testsuites name="pytest tests"><testsuite name="pytest" errors="0" failures="0" skipped="0" tests="17" time="21.032" timestamp="2026-04-07T18:49:41.034916+00:00" hostname="agent-env-741205b8-251c-4d7d-8dcd-c46a235cef85"><testcase classname="backend.tests.test_asr_upgrade_features.TestAnnouncementBarPhoneNumber" name="test_health_check" time="0.147" /><testcase classname="backend.tests.test_asr_upgrade_features.TestAnnouncementBarPhoneNumber" name="test_phone_number_in_system_prompt" time="1.524" /><testcase classname="backend.tests.test_asr_upgrade_features.TestFacebookPostsSync" name="test_facebook_posts_endpoint_exists" time="1.983" /><testcase classname="backend.tests.test_asr_upgrade_features.TestFacebookPostsSync" name="test_facebook_sync_endpoint_exists" time="2.269" /><testcase classname="backend.tests.test_asr_upgrade_features.TestFacebookPostsSync" name="test_gallery_endpoint_exists" time="0.142" /><testcase classname="backend.tests.test_asr_upgrade_features.TestFacebookPostsSync" name="test_gallery_public_endpoint" time="0.134" /><testcase classname="backend.tests.test_asr_upgrade_features.TestAIChatbotCRMIntegration" name="test_chatbot_creates_lead_on_phone_share" time="4.924" /><testcase classname="backend.tests.test_asr_upgrade_features.TestAIChatbotCRMIntegration" name="test_chatbot_human_handover_on_price_keyword" time="2.255" /><testcase classname="backend.tests.test_asr_upgrade_features.TestAIChatbotCRMIntegration" name="test_chatbot_human_handover_on_quotation_keyword" time="1.544" /><testcase classname="backend.tests.test_asr_upgrade_features.TestAIChatbotCRMIntegration" name="test_chatbot_human_handover_on_subsidy_keyword" time="3.181" /><testcase classname="backend.tests.test_asr_upgrade_features.TestChatbotMenuOptions" name="test_chatbot_welcome_message_has_options" time="1.596" /><testcase classname="backend.tests.test_asr_upgrade_features.TestSocialMediaSettings" name="test_social_settings_endpoint" time="0.106" /><testcase classname="backend.tests.test_asr_upgrade_features.TestSocialMediaSettings" name="test_social_dashboard_stats" time="0.113" /><testcase classname="backend.tests.test_asr_upgrade_features.TestGalleryAdminControls" name="test_gallery_with_filters" time="0.352" /><testcase classname="backend.tests.test_asr_upgrade_features.TestGalleryAdminControls" name="test_gallery_public_types" time="0.443" /><testcase classname="backend.tests.test_asr_upgrade_features.TestLeadCaptureFromAllSources" name="test_secure_lead_endpoint" time="0.114" /><testcase classname="backend.tests.test_asr_upgrade_features.TestLeadCaptureFromAllSources" name="test_crm_leads_endpoint" time="0.130" /></testsuite></testsuites>