<?xml version="1.0" encoding="utf-8"?><testsuites name="pytest tests"><testsuite name="pytest" errors="0" failures="0" skipped="0" tests="12" time="3.277" timestamp="2026-02-17T20:25:22.712020+00:00" hostname="agent-env-f9096ea4-bb6c-4e02-a1f6-0e3cc202a2fb"><testcase classname="backend.tests.test_iteration13_features.TestAITestimonialGeneration" name="test_generate_testimonial_basic" time="0.194" /><testcase classname="backend.tests.test_iteration13_features.TestAITestimonialGeneration" name="test_generate_testimonial_with_different_ratings" time="0.475" /><testcase classname="backend.tests.test_iteration13_features.TestReviewsEndpoint" name="test_get_reviews" time="0.131" /><testcase classname="backend.tests.test_iteration13_features.TestReviewsEndpoint" name="test_reviews_contain_testimonials" time="0.303" /><testcase classname="backend.tests.test_iteration13_features.TestAdminOTPLogin" name="test_send_otp" time="0.425" /><testcase classname="backend.tests.test_iteration13_features.TestAdminOTPLogin" name="test_verify_otp" time="0.624" /><testcase classname="backend.tests.test_iteration13_features.TestDashboardStats" name="test_get_dashboard_stats" time="0.132" /><testcase classname="backend.tests.test_iteration13_features.TestPhotosEndpoint" name="test_get_photos" time="0.159" /><testcase classname="backend.tests.test_iteration13_features.TestHealthAndConnectivity" name="test_homepage_loads" time="0.225" /><testcase classname="backend.tests.test_iteration13_features.TestHealthAndConnectivity" name="test_contact_page_loads" time="0.149" /><testcase classname="backend.tests.test_iteration13_features.TestHealthAndConnectivity" name="test_gallery_page_loads" time="0.165" /><testcase classname="backend.tests.test_iteration13_features.TestHealthAndConnectivity" name="test_districts_endpoint" time="0.227" /></testsuite></testsuites>