<?xml version="1.0" encoding="utf-8"?><testsuites name="pytest tests"><testsuite name="pytest" errors="0" failures="0" skipped="0" tests="15" time="3.735" timestamp="2026-02-14T17:15:19.936969+00:00" hostname="agent-env-c3c033a2-7939-4a02-b899-1258fedd48ae"><testcase classname="backend.tests.test_private_messaging.TestPrivateMessaging" name="test_staff_login_asr1001" time="0.246" /><testcase classname="backend.tests.test_private_messaging.TestPrivateMessaging" name="test_staff_login_asr1002" time="0.460" /><testcase classname="backend.tests.test_private_messaging.TestPrivateMessaging" name="test_asr1001_send_private_message" time="0.165" /><testcase classname="backend.tests.test_private_messaging.TestPrivateMessaging" name="test_asr1002_send_private_message" time="0.141" /><testcase classname="backend.tests.test_private_messaging.TestPrivateMessaging" name="test_asr1001_can_only_see_own_messages" time="0.142" /><testcase classname="backend.tests.test_private_messaging.TestPrivateMessaging" name="test_asr1002_can_only_see_own_messages" time="0.108" /><testcase classname="backend.tests.test_private_messaging.TestPrivateMessaging" name="test_asr1001_cannot_see_asr1002_messages" time="0.311" /><testcase classname="backend.tests.test_private_messaging.TestPrivateMessaging" name="test_asr1002_cannot_see_asr1001_messages" time="0.968" /><testcase classname="backend.tests.test_private_messaging.TestAdminMessageDelete" name="test_admin_delete_message" time="0.254" /><testcase classname="backend.tests.test_private_messaging.TestAdminMessageDelete" name="test_delete_nonexistent_message_returns_404" time="0.150" /><testcase classname="backend.tests.test_private_messaging.TestStaffLeadCreation" name="test_staff_create_lead" time="0.104" /><testcase classname="backend.tests.test_private_messaging.TestStaffLeadCreation" name="test_staff_create_lead_validation" time="0.130" /><testcase classname="backend.tests.test_private_messaging.TestStaffLeadCreation" name="test_invalid_staff_cannot_create_lead" time="0.129" /><testcase classname="backend.tests.test_private_messaging.TestAdminConversationEndpoint" name="test_admin_get_conversation_with_staff" time="0.243" /><testcase classname="backend.tests.test_private_messaging.TestUnreadMessages" name="test_staff_unread_count" time="0.120" /></testsuite></testsuites>