<?xml version="1.0" encoding="utf-8"?><testsuites name="pytest tests"><testsuite name="pytest" errors="0" failures="0" skipped="0" tests="14" time="2.340" timestamp="2026-04-08T15:41:19.318917+00:00" hostname="agent-env-741205b8-251c-4d7d-8dcd-c46a235cef85"><testcase classname="backend.tests.test_iter81_owner_protection.TestOwnerInfo" name="test_owner_info_endpoint_returns_200" time="0.276" /><testcase classname="backend.tests.test_iter81_owner_protection.TestOwnerInfo" name="test_owner_info_returns_abhijeet_kumar" time="0.150" /><testcase classname="backend.tests.test_iter81_owner_protection.TestOwnerInfo" name="test_owner_info_returns_staff_id_asr1001" time="0.131" /><testcase classname="backend.tests.test_iter81_owner_protection.TestOwnerInfo" name="test_owner_info_has_is_owner_true" time="0.120" /><testcase classname="backend.tests.test_iter81_owner_protection.TestOwnerInfo" name="test_owner_info_has_role_super_admin" time="0.140" /><testcase classname="backend.tests.test_iter81_owner_protection.TestOwnerDeleteProtection" name="test_delete_owner_returns_403" time="0.265" /><testcase classname="backend.tests.test_iter81_owner_protection.TestOwnerDeleteProtection" name="test_delete_owner_error_message" time="0.123" /><testcase classname="backend.tests.test_iter81_owner_protection.TestStaffAccountsList" name="test_staff_accounts_list_returns_200" time="0.168" /><testcase classname="backend.tests.test_iter81_owner_protection.TestStaffAccountsList" name="test_staff_accounts_includes_owner" time="0.129" /><testcase classname="backend.tests.test_iter81_owner_protection.TestStaffAccountsList" name="test_owner_has_protection_flags" time="0.130" /><testcase classname="backend.tests.test_iter81_owner_protection.TestWhatsAppTabPresence" name="test_whatsapp_conversations_endpoint" time="0.129" /><testcase classname="backend.tests.test_iter81_owner_protection.TestWhatsAppTabPresence" name="test_whatsapp_unread_count_endpoint" time="0.180" /><testcase classname="backend.tests.test_iter81_owner_protection.TestCRMDashboard" name="test_crm_dashboard_endpoint" time="0.202" /><testcase classname="backend.tests.test_iter81_owner_protection.TestCRMDashboard" name="test_crm_leads_endpoint" time="0.123" /></testsuite></testsuites>