<?xml version="1.0" encoding="utf-8"?><testsuites name="pytest tests"><testsuite name="pytest" errors="0" failures="0" skipped="0" tests="7" time="2.625" timestamp="2026-02-24T16:12:47.481263+00:00" hostname="agent-env-88e386d1-fc58-4a14-bb77-39fe570dc8f1"><testcase classname="backend.tests.test_razorpay_orders.TestRazorpayServiceBooking" name="test_book_service_returns_razorpay_order_id" time="0.503" /><testcase classname="backend.tests.test_razorpay_orders.TestRazorpayServiceBooking" name="test_book_service_validation" time="0.120" /><testcase classname="backend.tests.test_razorpay_orders.TestRazorpayShopOrders" name="test_shop_order_with_razorpay_returns_order_id" time="0.619" /><testcase classname="backend.tests.test_razorpay_orders.TestRazorpayShopOrders" name="test_shop_order_with_cod_no_razorpay_order" time="0.318" /><testcase classname="backend.tests.test_razorpay_orders.TestRazorpayConfiguration" name="test_book_service_config_endpoint" time="0.146" /><testcase classname="backend.tests.test_razorpay_orders.TestRazorpayConfiguration" name="test_razorpay_client_is_initialized" time="0.448" /><testcase classname="backend.tests.test_razorpay_orders.TestRazorpayOrderVerification" name="test_razorpay_order_id_format" time="0.422" /></testsuite></testsuites>