<?xml version="1.0" encoding="utf-8"?><testsuites name="pytest tests"><testsuite name="pytest" errors="0" failures="0" skipped="0" tests="22" time="3.597" timestamp="2026-04-05T19:46:09.737362+00:00" hostname="agent-env-741205b8-251c-4d7d-8dcd-c46a235cef85"><testcase classname="backend.tests.test_social_media_iter63.TestSocialMediaDashboard" name="test_get_dashboard_stats" time="0.208" /><testcase classname="backend.tests.test_social_media_iter63.TestSocialMediaSettings" name="test_get_settings" time="0.105" /><testcase classname="backend.tests.test_social_media_iter63.TestSocialMediaSettings" name="test_save_settings" time="0.249" /><testcase classname="backend.tests.test_social_media_iter63.TestSocialMediaConnect" name="test_connect_facebook_missing_fields" time="0.107" /><testcase classname="backend.tests.test_social_media_iter63.TestSocialMediaConnect" name="test_connect_facebook_invalid_token" time="0.364" /><testcase classname="backend.tests.test_social_media_iter63.TestSocialMediaConnect" name="test_connect_instagram_requires_facebook" time="0.328" /><testcase classname="backend.tests.test_social_media_iter63.TestSocialMediaConnect" name="test_connect_instagram_missing_account_id" time="0.111" /><testcase classname="backend.tests.test_social_media_iter63.TestSocialMediaTestConnection" name="test_test_connection" time="0.102" /><testcase classname="backend.tests.test_social_media_iter63.TestSocialMediaPosts" name="test_get_posts" time="0.125" /><testcase classname="backend.tests.test_social_media_iter63.TestSocialMediaPosts" name="test_get_posts_with_status_filter" time="0.149" /><testcase classname="backend.tests.test_social_media_iter63.TestSocialMediaPosts" name="test_get_scheduled_posts" time="0.138" /><testcase classname="backend.tests.test_social_media_iter63.TestSocialMediaCreatePost" name="test_create_post_missing_caption" time="0.110" /><testcase classname="backend.tests.test_social_media_iter63.TestSocialMediaCreatePost" name="test_create_post_missing_platforms" time="0.109" /><testcase classname="backend.tests.test_social_media_iter63.TestSocialMediaCreatePost" name="test_create_post_platform_not_connected" time="0.226" /><testcase classname="backend.tests.test_social_media_iter63.TestSocialMediaCreatePost" name="test_create_scheduled_post_missing_time" time="0.103" /><testcase classname="backend.tests.test_social_media_iter63.TestSocialMediaScheduledPostsCRUD" name="test_delete_scheduled_post_not_found" time="0.107" /><testcase classname="backend.tests.test_social_media_iter63.TestSocialMediaScheduledPostsCRUD" name="test_update_scheduled_post_not_found" time="0.114" /><testcase classname="backend.tests.test_social_media_iter63.TestSocialMediaFestivalPost" name="test_festival_post_missing_image" time="0.093" /><testcase classname="backend.tests.test_social_media_iter63.TestSocialMediaFestivalPost" name="test_festival_post_missing_platforms" time="0.110" /><testcase classname="backend.tests.test_social_media_iter63.TestSocialMediaPagination" name="test_posts_pagination" time="0.133" /><testcase classname="backend.tests.test_social_media_iter63.TestSocialMediaPagination" name="test_scheduled_posts_pagination" time="0.102" /><testcase classname="backend.tests.test_social_media_iter63.TestSocialMediaDataIntegrity" name="test_stats_match_posts_count" time="0.316" /></testsuite></testsuites>