<?xml version="1.0" encoding="utf-8"?><testsuites name="pytest tests"><testsuite name="pytest" errors="0" failures="0" skipped="0" tests="18" time="2.626" timestamp="2026-04-08T04:11:40.707832+00:00" hostname="agent-env-741205b8-251c-4d7d-8dcd-c46a235cef85"><testcase classname="backend.tests.test_iter74_fixes.TestNewLeadsWhatsAppFilter" name="test_new_leads_endpoint_exists" time="0.261" /><testcase classname="backend.tests.test_iter74_fixes.TestNewLeadsWhatsAppFilter" name="test_new_leads_count_endpoint" time="0.154" /><testcase classname="backend.tests.test_iter74_fixes.TestNewLeadsWhatsAppFilter" name="test_new_leads_whatsapp_source_filter" time="0.168" /><testcase classname="backend.tests.test_iter74_fixes.TestNewLeadsWhatsAppFilter" name="test_new_leads_all_source_filter" time="0.118" /><testcase classname="backend.tests.test_iter74_fixes.TestWhatsAppAutoCleanup" name="test_auto_cleanup_24h_endpoint_exists" time="0.162" /><testcase classname="backend.tests.test_iter74_fixes.TestWhatsAppAutoCleanup" name="test_cleanup_status_endpoint" time="0.146" /><testcase classname="backend.tests.test_iter74_fixes.TestBulkConversationDelete" name="test_bulk_delete_endpoint_exists" time="0.154" /><testcase classname="backend.tests.test_iter74_fixes.TestBulkConversationDelete" name="test_bulk_delete_with_fake_numbers" time="0.151" /><testcase classname="backend.tests.test_iter74_fixes.TestGalleryAPI" name="test_gallery_public_all" time="0.153" /><testcase classname="backend.tests.test_iter74_fixes.TestGalleryAPI" name="test_gallery_public_latest_work" time="0.111" /><testcase classname="backend.tests.test_iter74_fixes.TestGalleryAPI" name="test_gallery_public_gallery_filter" time="0.110" /><testcase classname="backend.tests.test_iter74_fixes.TestCRMDashboard" name="test_crm_dashboard_endpoint" time="0.110" /><testcase classname="backend.tests.test_iter74_fixes.TestCRMDashboard" name="test_crm_leads_endpoint" time="0.117" /><testcase classname="backend.tests.test_iter74_fixes.TestHealthAndBasicAPIs" name="test_backend_health" time="0.182" /><testcase classname="backend.tests.test_iter74_fixes.TestHealthAndBasicAPIs" name="test_districts_endpoint" time="0.100" /><testcase classname="backend.tests.test_iter74_fixes.TestHealthAndBasicAPIs" name="test_photos_endpoint" time="0.098" /><testcase classname="backend.tests.test_iter74_fixes.TestMarkLeadContacted" name="test_mark_contacted_with_fake_id" time="0.115" /><testcase classname="backend.tests.test_iter74_fixes.TestMarkLeadContacted" name="test_bulk_mark_contacted_empty_list" time="0.147" /></testsuite></testsuites>