<?xml version="1.0" encoding="utf-8"?><testsuites name="pytest tests"><testsuite name="pytest" errors="0" failures="0" skipped="0" tests="22" time="3.404" timestamp="2026-04-05T18:59:33.657165+00:00" hostname="agent-env-741205b8-251c-4d7d-8dcd-c46a235cef85"><testcase classname="backend.tests.test_whatsapp_inbox_iter62.TestWhatsAppConversationsAPI" name="test_get_conversations_list" time="0.259" /><testcase classname="backend.tests.test_whatsapp_inbox_iter62.TestWhatsAppConversationsAPI" name="test_get_conversations_with_pagination" time="0.153" /><testcase classname="backend.tests.test_whatsapp_inbox_iter62.TestWhatsAppConversationsAPI" name="test_get_unread_count" time="0.116" /><testcase classname="backend.tests.test_whatsapp_inbox_iter62.TestWhatsAppConversationsAPI" name="test_get_conversation_thread_by_phone" time="0.161" /><testcase classname="backend.tests.test_whatsapp_inbox_iter62.TestWhatsAppConversationsAPI" name="test_get_conversation_by_lead_not_found" time="0.115" /><testcase classname="backend.tests.test_whatsapp_inbox_iter62.TestWhatsAppConversationsAPI" name="test_get_conversation_by_lead_with_real_lead" time="0.235" /><testcase classname="backend.tests.test_whatsapp_inbox_iter62.TestWhatsAppSendTemplateToConversation" name="test_send_template_missing_template_name" time="0.110" /><testcase classname="backend.tests.test_whatsapp_inbox_iter62.TestWhatsAppSendTemplateToConversation" name="test_send_template_with_valid_data" time="0.310" /><testcase classname="backend.tests.test_whatsapp_inbox_iter62.TestWhatsAppSendTemplateToConversation" name="test_send_template_with_variables" time="0.282" /><testcase classname="backend.tests.test_whatsapp_inbox_iter62.TestWhatsAppSendFreeformText" name="test_send_text_missing_text" time="0.102" /><testcase classname="backend.tests.test_whatsapp_inbox_iter62.TestWhatsAppSendFreeformText" name="test_send_text_empty_text" time="0.103" /><testcase classname="backend.tests.test_whatsapp_inbox_iter62.TestWhatsAppSendFreeformText" name="test_send_text_no_incoming_message" time="0.173" /><testcase classname="backend.tests.test_whatsapp_inbox_iter62.TestWhatsAppConversationDataIntegrity" name="test_conversation_lead_linking" time="0.113" /><testcase classname="backend.tests.test_whatsapp_inbox_iter62.TestWhatsAppConversationDataIntegrity" name="test_conversation_sorting_by_activity" time="0.124" /><testcase classname="backend.tests.test_whatsapp_inbox_iter62.TestWhatsAppConversationDataIntegrity" name="test_24h_window_calculation" time="0.140" /><testcase classname="backend.tests.test_whatsapp_inbox_iter62.TestWhatsAppMessagesInThread" name="test_message_structure_in_thread" time="0.114" /><testcase classname="backend.tests.test_whatsapp_inbox_iter62.TestWhatsAppMessagesInThread" name="test_messages_chronological_order" time="0.131" /><testcase classname="backend.tests.test_whatsapp_inbox_iter62.TestWhatsAppTemplatesForInbox" name="test_templates_available_for_reply" time="0.112" /><testcase classname="backend.tests.test_whatsapp_inbox_iter62.TestWhatsAppDashboardStatsForInbox" name="test_dashboard_stats_include_replies" time="0.104" /><testcase classname="backend.tests.test_whatsapp_inbox_iter62.TestPhoneNumberFormats" name="test_phone_with_country_code" time="0.129" /><testcase classname="backend.tests.test_whatsapp_inbox_iter62.TestPhoneNumberFormats" name="test_phone_without_country_code" time="0.113" /><testcase classname="backend.tests.test_whatsapp_inbox_iter62.TestPhoneNumberFormats" name="test_phone_with_plus" time="0.116" /></testsuite></testsuites>