<?xml version="1.0" encoding="utf-8"?><testsuites name="pytest tests"><testsuite name="pytest" errors="0" failures="1" skipped="0" tests="10" time="1.584" timestamp="2026-03-26T12:24:45.345587+00:00" hostname="agent-env-741205b8-251c-4d7d-8dcd-c46a235cef85"><testcase classname="backend.tests.test_iter57_features.TestLeadManagementAPI" name="test_leads_endpoint_returns_paginated_data" time="0.191" /><testcase classname="backend.tests.test_iter57_features.TestLeadManagementAPI" name="test_leads_pagination_page_2" time="0.107" /><testcase classname="backend.tests.test_iter57_features.TestHRManagementAPI" name="test_hr_employees_endpoint" time="0.132" /><testcase classname="backend.tests.test_iter57_features.TestHRManagementAPI" name="test_hr_dashboard_endpoint" time="0.099" /><testcase classname="backend.tests.test_iter57_features.TestHRManagementAPI" name="test_hr_employees_filter_by_status" time="0.100" /><testcase classname="backend.tests.test_iter57_features.TestStaffLogin2FA" name="test_staff_login_returns_2fa_requirement" time="0.119" /><testcase classname="backend.tests.test_iter57_features.TestStaffLogin2FA" name="test_staff_login_invalid_credentials" time="0.394" /><testcase classname="backend.tests.test_iter57_features.TestStaffLogin2FA" name="test_staff_login_nonexistent_staff" time="0.110"><failure message="AssertionError: Expected 401 for non-existent staff, got 429&#10;assert 429 == 401&#10; +  where 429 = &lt;Response [429]&gt;.status_code">backend/tests/test_iter57_features.py:149: in test_staff_login_nonexistent_staff
    assert response.status_code == 401, f"Expected 401 for non-existent staff, got {response.status_code}"
E   AssertionError: Expected 401 for non-existent staff, got 429
E   assert 429 == 401
E    +  where 429 = &lt;Response [429]&gt;.status_code</failure></testcase><testcase classname="backend.tests.test_iter57_features.TestAPIHealth" name="test_api_root_accessible" time="0.098" /><testcase classname="backend.tests.test_iter57_features.TestAPIHealth" name="test_crm_leads_accessible" time="0.107" /></testsuite></testsuites>