<?xml version="1.0" encoding="utf-8"?><testsuites name="pytest tests"><testsuite name="pytest" errors="0" failures="0" skipped="0" tests="19" time="4.482" timestamp="2026-04-09T02:23:02.189640+00:00" hostname="agent-env-741205b8-251c-4d7d-8dcd-c46a235cef85"><testcase classname="backend.tests.test_cashfree_orders_iter86.TestCashfreeConfig" name="test_get_config_returns_production_environment" time="0.215" /><testcase classname="backend.tests.test_cashfree_orders_iter86.TestCashfreeConfig" name="test_config_returns_correct_support_info" time="0.147" /><testcase classname="backend.tests.test_cashfree_orders_iter86.TestCashfreeConfig" name="test_config_returns_payment_types" time="0.110" /><testcase classname="backend.tests.test_cashfree_orders_iter86.TestCreateOrder" name="test_create_order_success" time="0.978" /><testcase classname="backend.tests.test_cashfree_orders_iter86.TestCreateOrder" name="test_create_order_validates_phone" time="0.111" /><testcase classname="backend.tests.test_cashfree_orders_iter86.TestCreateOrder" name="test_create_order_requires_amount" time="0.140" /><testcase classname="backend.tests.test_cashfree_orders_iter86.TestWebsiteOrder" name="test_website_create_order" time="0.570" /><testcase classname="backend.tests.test_cashfree_orders_iter86.TestOrderStatus" name="test_get_order_status_existing" time="0.111" /><testcase classname="backend.tests.test_cashfree_orders_iter86.TestOrderStatus" name="test_get_order_status_not_found" time="0.108" /><testcase classname="backend.tests.test_cashfree_orders_iter86.TestOrderStatus" name="test_refresh_order_status" time="0.418" /><testcase classname="backend.tests.test_cashfree_orders_iter86.TestDashboardStats" name="test_get_dashboard_stats" time="0.113" /><testcase classname="backend.tests.test_cashfree_orders_iter86.TestOrdersList" name="test_get_orders_list" time="0.118" /><testcase classname="backend.tests.test_cashfree_orders_iter86.TestOrdersList" name="test_get_orders_with_filters" time="0.390" /><testcase classname="backend.tests.test_cashfree_orders_iter86.TestOrdersList" name="test_get_orders_pagination" time="0.122" /><testcase classname="backend.tests.test_cashfree_orders_iter86.TestLeadOrders" name="test_get_lead_orders" time="0.283" /><testcase classname="backend.tests.test_cashfree_orders_iter86.TestLeadOrders" name="test_get_lead_orders_empty" time="0.110" /><testcase classname="backend.tests.test_cashfree_orders_iter86.TestWebhook" name="test_webhook_endpoint_accessible" time="0.133" /><testcase classname="backend.tests.test_cashfree_orders_iter86.TestWebhook" name="test_webhook_with_payment_success_event" time="0.114" /><testcase classname="backend.tests.test_cashfree_orders_iter86.TestResendWhatsApp" name="test_resend_whatsapp_not_found" time="0.105" /></testsuite></testsuites>