<?xml version="1.0" encoding="utf-8"?><testsuites name="pytest tests"><testsuite name="pytest" errors="0" failures="1" skipped="0" tests="10" time="1.374" timestamp="2026-03-26T06:44:09.875054+00:00" hostname="agent-env-741205b8-251c-4d7d-8dcd-c46a235cef85"><testcase classname="backend.tests.test_admin_2fa_iter56.TestAdminLogin2FA" name="test_admin_login_correct_email_correct_password" time="0.215" /><testcase classname="backend.tests.test_admin_2fa_iter56.TestAdminLogin2FA" name="test_admin_login_wrong_email_rejected" time="0.118" /><testcase classname="backend.tests.test_admin_2fa_iter56.TestAdminLogin2FA" name="test_admin_login_correct_email_wrong_password" time="0.143" /><testcase classname="backend.tests.test_admin_2fa_iter56.TestAdminLogin2FA" name="test_admin_login_random_email_rejected" time="0.152" /><testcase classname="backend.tests.test_admin_2fa_iter56.TestLeadManagementPagination" name="test_leads_endpoint_returns_pagination" time="0.104" /><testcase classname="backend.tests.test_admin_2fa_iter56.TestLeadManagementPagination" name="test_leads_pagination_page_2" time="0.113" /><testcase classname="backend.tests.test_admin_2fa_iter56.TestLeadManagementPagination" name="test_leads_search_filter" time="0.115" /><testcase classname="backend.tests.test_admin_2fa_iter56.TestLeadManagementPagination" name="test_leads_stage_filter" time="0.108" /><testcase classname="backend.tests.test_admin_2fa_iter56.TestVerify2FAEndpoint" name="test_verify_2fa_endpoint_exists" time="0.093" /><testcase classname="backend.tests.test_admin_2fa_iter56.TestHealthCheck" name="test_api_health" time="0.135"><failure message="AssertionError: Expected 200, got 404&#10;assert 404 == 200&#10; +  where 404 = &lt;Response [404]&gt;.status_code">backend/tests/test_admin_2fa_iter56.py:187: in test_api_health
    assert response.status_code == 200, f"Expected 200, got {response.status_code}"
E   AssertionError: Expected 200, got 404
E   assert 404 == 200
E    +  where 404 = &lt;Response [404]&gt;.status_code</failure></testcase></testsuite></testsuites>