<?xml version="1.0" encoding="utf-8"?><testsuites name="pytest tests"><testsuite name="pytest" errors="0" failures="0" skipped="0" tests="8" time="1.688" timestamp="2026-03-15T15:15:11.381377+00:00" hostname="agent-env-1433571b-f125-45e8-aab5-adc4841a732b"><testcase classname="backend.tests.test_iteration_44.TestServiceConfiguration" name="test_book_solar_config_returns_price" time="0.162" /><testcase classname="backend.tests.test_iteration_44.TestStaffAccountsAPI" name="test_get_staff_accounts_list" time="0.135" /><testcase classname="backend.tests.test_iteration_44.TestStaffAccountsAPI" name="test_toggle_otp_endpoint_exists" time="0.245" /><testcase classname="backend.tests.test_iteration_44.TestStaffAccountsAPI" name="test_create_staff_account" time="0.126" /><testcase classname="backend.tests.test_iteration_44.TestCRMEndpoints" name="test_crm_widget_stats" time="0.128" /><testcase classname="backend.tests.test_iteration_44.TestCRMEndpoints" name="test_crm_leads_list" time="0.110" /><testcase classname="backend.tests.test_iteration_44.TestPipelineStages" name="test_pipeline_stages_include_contacted_and_interested" time="0.122" /><testcase classname="backend.tests.test_iteration_44.TestServiceBooking" name="test_book_solar_service_endpoint" time="0.602" /></testsuite></testsuites>