<?xml version="1.0" encoding="utf-8"?><testsuites name="pytest tests"><testsuite name="pytest" errors="0" failures="0" skipped="0" tests="14" time="3.143" timestamp="2026-03-18T14:37:34.256047+00:00" hostname="agent-env-01e2b113-9586-46b3-a131-695b26a85dea"><testcase classname="tests.test_staff_leads_bulk_import.TestImportTemplate" name="test_import_template_endpoint" time="0.300" /><testcase classname="tests.test_staff_leads_bulk_import.TestBulkImport" name="test_bulk_import_csv_only_phone" time="0.176" /><testcase classname="tests.test_staff_leads_bulk_import.TestBulkImport" name="test_bulk_import_csv_with_names" time="0.159" /><testcase classname="tests.test_staff_leads_bulk_import.TestBulkImport" name="test_bulk_import_invalid_phone" time="0.153" /><testcase classname="tests.test_staff_leads_bulk_import.TestBulkImport" name="test_bulk_import_accepts_xlsx" time="0.133" /><testcase classname="tests.test_staff_leads_bulk_import.TestStaffNotInterested" name="test_staff_account_exists" time="0.142" /><testcase classname="tests.test_staff_leads_bulk_import.TestStaffNotInterested" name="test_staff_dashboard_endpoint" time="0.152" /><testcase classname="tests.test_staff_leads_bulk_import.TestStaffNotInterested" name="test_staff_leads_endpoint" time="0.112" /><testcase classname="tests.test_staff_leads_bulk_import.TestStaffNotInterested" name="test_not_interested_endpoint_exists" time="0.197" /><testcase classname="tests.test_staff_leads_bulk_import.TestStaffNotInterested" name="test_create_and_mark_lead_not_interested" time="1.016" /><testcase classname="tests.test_staff_leads_bulk_import.TestStaffRouterIntegration" name="test_staff_login_endpoint" time="0.112" /><testcase classname="tests.test_staff_leads_bulk_import.TestStaffRouterIntegration" name="test_staff_login_email_endpoint" time="0.164" /><testcase classname="tests.test_staff_leads_bulk_import.TestStaffRouterIntegration" name="test_staff_profile_endpoint" time="0.134" /><testcase classname="tests.test_staff_leads_bulk_import.TestStaffRouterIntegration" name="test_staff_training_endpoint" time="0.122" /></testsuite></testsuites>