<?xml version="1.0" encoding="utf-8"?><testsuites name="pytest tests"><testsuite name="pytest" errors="0" failures="0" skipped="0" tests="20" time="3.904" timestamp="2026-03-18T15:53:05.597167+00:00" hostname="agent-env-01e2b113-9586-46b3-a131-695b26a85dea"><testcase classname="backend.tests.test_bulk_import_iter49.TestBulkImportManual" name="test_manual_bulk_import_newline_separated" time="0.210" /><testcase classname="backend.tests.test_bulk_import_iter49.TestBulkImportManual" name="test_manual_bulk_import_comma_separated" time="0.142" /><testcase classname="backend.tests.test_bulk_import_iter49.TestBulkImportManual" name="test_manual_bulk_import_space_separated" time="0.145" /><testcase classname="backend.tests.test_bulk_import_iter49.TestBulkImportManual" name="test_manual_bulk_import_mixed_formats" time="0.163" /><testcase classname="backend.tests.test_bulk_import_iter49.TestBulkImportManual" name="test_manual_bulk_import_empty_input" time="0.178" /><testcase classname="backend.tests.test_bulk_import_iter49.TestBulkImportManual" name="test_manual_bulk_import_invalid_phones" time="0.136" /><testcase classname="backend.tests.test_bulk_import_iter49.TestBulkImportManual" name="test_manual_bulk_import_source_set_correctly" time="0.379" /><testcase classname="backend.tests.test_bulk_import_iter49.TestBulkImportFile" name="test_csv_import_phone_only" time="0.141" /><testcase classname="backend.tests.test_bulk_import_iter49.TestBulkImportFile" name="test_csv_import_with_name" time="0.183" /><testcase classname="backend.tests.test_bulk_import_iter49.TestBulkImportFile" name="test_csv_import_auto_detect_phone_column" time="0.140" /><testcase classname="backend.tests.test_bulk_import_iter49.TestBulkImportFile" name="test_csv_import_handles_duplicates" time="0.256" /><testcase classname="backend.tests.test_bulk_import_iter49.TestBulkImportFile" name="test_csv_import_source_is_bulk_import" time="0.146" /><testcase classname="backend.tests.test_bulk_import_iter49.TestBulkImportFile" name="test_csv_import_handles_scientific_notation" time="0.137" /><testcase classname="backend.tests.test_bulk_import_iter49.TestBulkImportFile" name="test_invalid_file_type_rejected" time="0.124" /><testcase classname="backend.tests.test_bulk_import_iter49.TestBulkImportFile" name="test_empty_csv_rejected" time="0.162" /><testcase classname="backend.tests.test_bulk_import_iter49.TestImportTemplate" name="test_get_import_template" time="0.139" /><testcase classname="backend.tests.test_bulk_import_iter49.TestExcelImport" name="test_xlsx_import_basic" time="0.607" /><testcase classname="backend.tests.test_bulk_import_iter49.TestExcelImport" name="test_xlsx_import_with_various_column_names" time="0.169" /><testcase classname="backend.tests.test_bulk_import_iter49.TestExcelImport" name="test_xlsx_import_preserves_phone_as_string" time="0.141" /><testcase classname="backend.tests.test_bulk_import_iter49.TestLeadForCallingPurpose" name="test_bulk_import_leads_have_low_priority" time="0.144" /></testsuite></testsuites>