<?xml version="1.0" encoding="utf-8"?><testsuites name="pytest tests"><testsuite name="pytest" errors="0" failures="0" skipped="0" tests="10" time="1.527" timestamp="2026-04-11T17:58:03.235220+00:00" hostname="agent-env-741205b8-251c-4d7d-8dcd-c46a235cef85"><testcase classname="backend.tests.test_admin_login_and_payments.TestAdminLoginPassword" name="test_admin_login_direct_success" time="0.269" /><testcase classname="backend.tests.test_admin_login_and_payments.TestAdminLoginPassword" name="test_admin_login_wrong_password" time="0.138" /><testcase classname="backend.tests.test_admin_login_and_payments.TestAdminLoginPassword" name="test_admin_login_non_admin_email" time="0.145" /><testcase classname="backend.tests.test_admin_login_and_payments.TestAdminLoginPassword" name="test_admin_login_2fa_flow" time="0.105" /><testcase classname="backend.tests.test_admin_login_and_payments.TestCashfreeWebhook" name="test_webhook_payment_success" time="0.125" /><testcase classname="backend.tests.test_admin_login_and_payments.TestCashfreeWebhook" name="test_webhook_payment_link_event" time="0.149" /><testcase classname="backend.tests.test_admin_login_and_payments.TestCashfreeWebhook" name="test_webhook_payment_failed" time="0.156" /><testcase classname="backend.tests.test_admin_login_and_payments.TestCashfreeConfig" name="test_cashfree_config" time="0.108" /><testcase classname="backend.tests.test_admin_login_and_payments.TestStaffLogin" name="test_staff_login_endpoint_exists" time="0.150" /><testcase classname="backend.tests.test_admin_login_and_payments.TestHomepage" name="test_homepage_loads" time="0.117" /></testsuite></testsuites>