<?xml version="1.0" encoding="utf-8"?><testsuites name="pytest tests"><testsuite name="pytest" errors="0" failures="3" skipped="0" tests="19" time="3.243" timestamp="2026-02-13T08:14:20.442655+00:00" hostname="agent-env-668412bb-f660-4f83-b50b-4fef681b6ac4"><testcase classname="backend.tests.test_webhooks.TestWebhookStatus" name="test_webhook_status_endpoint" time="0.280" /><testcase classname="backend.tests.test_webhooks.TestWhatsAppWebhook" name="test_whatsapp_verification_success" time="0.181" /><testcase classname="backend.tests.test_webhooks.TestWhatsAppWebhook" name="test_whatsapp_verification_invalid_token" time="0.133" /><testcase classname="backend.tests.test_webhooks.TestWhatsAppWebhook" name="test_whatsapp_verification_missing_mode" time="0.131" /><testcase classname="backend.tests.test_webhooks.TestWhatsAppWebhook" name="test_whatsapp_message_creates_lead" time="0.138" /><testcase classname="backend.tests.test_webhooks.TestWhatsAppWebhook" name="test_whatsapp_message_updates_existing_lead" time="0.297" /><testcase classname="backend.tests.test_webhooks.TestWhatsAppWebhook" name="test_whatsapp_image_message" time="0.150" /><testcase classname="backend.tests.test_webhooks.TestWhatsAppWebhook" name="test_whatsapp_ignores_non_whatsapp_object" time="0.112" /><testcase classname="backend.tests.test_webhooks.TestFacebookWebhook" name="test_facebook_verification_success" time="0.137" /><testcase classname="backend.tests.test_webhooks.TestFacebookWebhook" name="test_facebook_verification_invalid_token" time="0.156" /><testcase classname="backend.tests.test_webhooks.TestFacebookWebhook" name="test_facebook_message_creates_lead" time="0.096"><failure message="AssertionError: assert 'updated' == 'created'&#10;  &#10;  - created&#10;  + updated">backend/tests/test_webhooks.py:334: in test_facebook_message_creates_lead
    assert results[0].get("action") == "created"
E   AssertionError: assert 'updated' == 'created'
E     
E     - created
E     + updated</failure></testcase><testcase classname="backend.tests.test_webhooks.TestFacebookWebhook" name="test_facebook_message_updates_existing_lead" time="0.167"><failure message="AssertionError: assert 'updated' == 'created'&#10;  &#10;  - created&#10;  + updated">backend/tests/test_webhooks.py:366: in test_facebook_message_updates_existing_lead
    assert data1["results"][0]["action"] == "created"
E   AssertionError: assert 'updated' == 'created'
E     
E     - created
E     + updated</failure></testcase><testcase classname="backend.tests.test_webhooks.TestFacebookWebhook" name="test_facebook_attachment_message" time="0.105"><failure message="AssertionError: assert 'updated' == 'created'&#10;  &#10;  - created&#10;  + updated">backend/tests/test_webhooks.py:424: in test_facebook_attachment_message
    assert data["results"][0]["action"] == "created"
E   AssertionError: assert 'updated' == 'created'
E     
E     - created
E     + updated</failure></testcase><testcase classname="backend.tests.test_webhooks.TestFacebookWebhook" name="test_facebook_ignores_echo_messages" time="0.098" /><testcase classname="backend.tests.test_webhooks.TestFacebookWebhook" name="test_facebook_ignores_non_page_object" time="0.182" /><testcase classname="backend.tests.test_webhooks.TestRecentSocialLeads" name="test_recent_social_leads_endpoint" time="0.105" /><testcase classname="backend.tests.test_webhooks.TestRecentSocialLeads" name="test_social_leads_have_correct_fields" time="0.148" /><testcase classname="backend.tests.test_webhooks.TestLeadSourceVerification" name="test_whatsapp_lead_source_marked_correctly" time="0.263" /><testcase classname="backend.tests.test_webhooks.TestLeadSourceVerification" name="test_facebook_lead_source_marked_correctly" time="0.249" /></testsuite></testsuites>