<?xml version="1.0" encoding="utf-8"?><testsuites name="pytest tests"><testsuite name="pytest" errors="0" failures="0" skipped="0" tests="15" time="1.999" timestamp="2026-03-19T15:59:56.429691+00:00" hostname="agent-env-01e2b113-9586-46b3-a131-695b26a85dea"><testcase classname="tests.test_iter51_optimized_apis.TestOptimizedDashboards" name="test_crm_dashboard_performance" time="0.154" /><testcase classname="tests.test_iter51_optimized_apis.TestOptimizedDashboards" name="test_crm_dashboard_data_structure" time="0.122" /><testcase classname="tests.test_iter51_optimized_apis.TestOptimizedDashboards" name="test_staff_dashboard_performance" time="0.127" /><testcase classname="tests.test_iter51_optimized_apis.TestOptimizedDashboards" name="test_crm_widget_stats_performance" time="0.114" /><testcase classname="tests.test_iter51_optimized_apis.TestOptimizedDashboards" name="test_crm_widget_pipeline_performance" time="0.111" /><testcase classname="tests.test_iter51_optimized_apis.TestStaffLogin" name="test_staff_login_endpoint_exists" time="0.106" /><testcase classname="tests.test_iter51_optimized_apis.TestStaffLogin" name="test_staff_login_requires_credentials" time="0.118" /><testcase classname="tests.test_iter51_optimized_apis.TestStaffLeadsAPI" name="test_staff_leads_endpoint" time="0.133" /><testcase classname="tests.test_iter51_optimized_apis.TestStaffLeadsAPI" name="test_staff_followups_endpoint" time="0.107" /><testcase classname="tests.test_iter51_optimized_apis.TestStaffLeadsAPI" name="test_staff_tasks_today_endpoint" time="0.191" /><testcase classname="tests.test_iter51_optimized_apis.TestCRMLeadsAPI" name="test_crm_leads_list" time="0.185" /><testcase classname="tests.test_iter51_optimized_apis.TestCRMLeadsAPI" name="test_crm_leads_with_stage_filter" time="0.117" /><testcase classname="tests.test_iter51_optimized_apis.TestCRMLeadsAPI" name="test_crm_leads_pagination" time="0.119" /><testcase classname="tests.test_iter51_optimized_apis.TestHealthEndpoints" name="test_api_root" time="0.116" /><testcase classname="tests.test_iter51_optimized_apis.TestHealthEndpoints" name="test_crm_quick_stats" time="0.114" /></testsuite></testsuites>