<?xml version="1.0" encoding="utf-8"?><testsuites name="pytest tests"><testsuite name="pytest" errors="0" failures="0" skipped="0" tests="18" time="7.995" timestamp="2026-02-24T21:08:39.597040+00:00" hostname="agent-env-dcb0d82a-8f8d-468e-9aef-f568a827ce41"><testcase classname="backend.tests.test_hr_management.TestHRDashboard" name="test_hr_dashboard_returns_stats" time="0.173" /><testcase classname="backend.tests.test_hr_management.TestHREmployeesCRUD" name="test_get_employees_list" time="0.123" /><testcase classname="backend.tests.test_hr_management.TestHREmployeesCRUD" name="test_get_employees_filter_by_department" time="0.142" /><testcase classname="backend.tests.test_hr_management.TestHREmployeesCRUD" name="test_create_employee_auto_id_generation" time="0.320" /><testcase classname="backend.tests.test_hr_management.TestHREmployeesCRUD" name="test_create_employee_syncs_with_crm" time="0.248" /><testcase classname="backend.tests.test_hr_management.TestHREmployeesCRUD" name="test_get_single_employee" time="0.247" /><testcase classname="backend.tests.test_hr_management.TestHREmployeesCRUD" name="test_get_nonexistent_employee_returns_404" time="0.190" /><testcase classname="backend.tests.test_hr_management.TestHROnboarding" name="test_update_onboarding_checklist" time="0.320" /><testcase classname="backend.tests.test_hr_management.TestHROnboarding" name="test_complete_all_onboarding_marks_complete" time="0.340" /><testcase classname="backend.tests.test_hr_management.TestHRLeaveManagement" name="test_get_leaves_list" time="0.188" /><testcase classname="backend.tests.test_hr_management.TestHRLeaveManagement" name="test_create_leave_request" time="0.279" /><testcase classname="backend.tests.test_hr_management.TestHRLeaveManagement" name="test_approve_leave_request" time="0.391" /><testcase classname="backend.tests.test_hr_management.TestHRLeaveManagement" name="test_reject_leave_request" time="0.387" /><testcase classname="backend.tests.test_hr_management.TestHRPerformance" name="test_get_performance_data" time="0.160" /><testcase classname="backend.tests.test_hr_management.TestHRPerformance" name="test_update_employee_performance" time="0.325" /><testcase classname="backend.tests.test_hr_management.TestHRReports" name="test_get_hr_summary_report" time="0.143" /><testcase classname="backend.tests.test_hr_management.TestHREmployeeUpdate" name="test_update_employee_details" time="0.429" /><testcase classname="backend.tests.test_hr_management.TestHRCleanup" name="test_cleanup_test_employees" time="3.504" /></testsuite></testsuites>