<?xml version="1.0" encoding="utf-8"?><testsuites name="pytest tests"><testsuite name="pytest" errors="0" failures="0" skipped="0" tests="16" time="2.093" timestamp="2026-03-25T09:53:12.716007+00:00" hostname="agent-env-741205b8-251c-4d7d-8dcd-c46a235cef85"><testcase classname="backend.tests.test_crm_staff_iter55.TestCRMDashboard" name="test_crm_widget_stats" time="0.146" /><testcase classname="backend.tests.test_crm_staff_iter55.TestCRMDashboard" name="test_crm_dashboard" time="0.117" /><testcase classname="backend.tests.test_crm_staff_iter55.TestCRMDashboard" name="test_crm_leads_list" time="0.113" /><testcase classname="backend.tests.test_crm_staff_iter55.TestCRMDashboard" name="test_crm_leads_filter_by_stage" time="0.142" /><testcase classname="backend.tests.test_crm_staff_iter55.TestCRMDashboard" name="test_crm_pipeline_widget" time="0.119" /><testcase classname="backend.tests.test_crm_staff_iter55.TestStaffPortal" name="test_staff_dashboard" time="0.106" /><testcase classname="backend.tests.test_crm_staff_iter55.TestStaffPortal" name="test_staff_leads" time="0.099" /><testcase classname="backend.tests.test_crm_staff_iter55.TestStaffPortal" name="test_staff_followups" time="0.113" /><testcase classname="backend.tests.test_crm_staff_iter55.TestStaffPortal" name="test_staff_tasks_today" time="0.122" /><testcase classname="backend.tests.test_crm_staff_iter55.TestStaffPortal" name="test_staff_messages" time="0.105" /><testcase classname="backend.tests.test_crm_staff_iter55.TestStaffPortal" name="test_staff_notifications" time="0.104" /><testcase classname="backend.tests.test_crm_staff_iter55.TestLeadManagement" name="test_staff_update_lead_stage" time="0.207" /><testcase classname="backend.tests.test_crm_staff_iter55.TestLeadManagement" name="test_admin_assign_lead" time="0.224" /><testcase classname="backend.tests.test_crm_staff_iter55.TestCRMTasks" name="test_get_tasks" time="0.100" /><testcase classname="backend.tests.test_crm_staff_iter55.TestCRMTasks" name="test_get_followups" time="0.110" /><testcase classname="backend.tests.test_crm_staff_iter55.TestAdminStaffAccounts" name="test_get_staff_accounts" time="0.095" /></testsuite></testsuites>