<?xml version="1.0" encoding="utf-8"?><testsuites name="pytest tests"><testsuite name="pytest" errors="0" failures="5" skipped="0" tests="18" time="3.014" timestamp="2026-03-25T09:27:27.100833+00:00" hostname="agent-env-62daa1b7-e256-468a-86db-dd9b4629f2bc"><testcase classname="backend.tests.test_crm_staff_api.TestCRMDashboardAPIs" name="test_crm_dashboard_stats" time="0.144" /><testcase classname="backend.tests.test_crm_staff_api.TestCRMDashboardAPIs" name="test_crm_leads_list" time="0.119" /><testcase classname="backend.tests.test_crm_staff_api.TestCRMDashboardAPIs" name="test_crm_leads_search" time="0.102" /><testcase classname="backend.tests.test_crm_staff_api.TestCRMDashboardAPIs" name="test_crm_leads_filter_by_stage" time="0.104" /><testcase classname="backend.tests.test_crm_staff_api.TestCRMDashboardAPIs" name="test_crm_leads_pagination" time="0.211"><failure message="AssertionError: assert '0d464a1d-093b-43a0-a3c9-41931cb9ff04' != '0d464a1d-093b-43a0-a3c9-41931cb9ff04'">backend/tests/test_crm_staff_api.py:67: in test_crm_leads_pagination
    assert data1["leads"][0]["id"] != data2["leads"][0]["id"]
E   AssertionError: assert '0d464a1d-093b-43a0-a3c9-41931cb9ff04' != '0d464a1d-093b-43a0-a3c9-41931cb9ff04'</failure></testcase><testcase classname="backend.tests.test_crm_staff_api.TestStaffManagementAPIs" name="test_staff_accounts_list" time="0.105" /><testcase classname="backend.tests.test_crm_staff_api.TestStaffManagementAPIs" name="test_staff_account_has_required_fields" time="0.108" /><testcase classname="backend.tests.test_crm_staff_api.TestLeadAssignmentAPIs" name="test_lead_assignment" time="0.322" /><testcase classname="backend.tests.test_crm_staff_api.TestLeadAssignmentAPIs" name="test_lead_stage_update" time="0.218" /><testcase classname="backend.tests.test_crm_staff_api.TestStaffPortalAPIs" name="test_staff_login_initiates_otp" time="0.408" /><testcase classname="backend.tests.test_crm_staff_api.TestStaffPortalAPIs" name="test_staff_dashboard" time="0.096" /><testcase classname="backend.tests.test_crm_staff_api.TestStaffPortalAPIs" name="test_staff_leads_list" time="0.102" /><testcase classname="backend.tests.test_crm_staff_api.TestStaffPortalAPIs" name="test_staff_update_lead_status" time="0.212" /><testcase classname="backend.tests.test_crm_staff_api.TestWebsiteAPIs" name="test_gallery_endpoint" time="0.105"><failure message="assert 404 == 200&#10; +  where 404 = &lt;Response [404]&gt;.status_code">backend/tests/test_crm_staff_api.py:218: in test_gallery_endpoint
    assert response.status_code == 200
E   assert 404 == 200
E    +  where 404 = &lt;Response [404]&gt;.status_code</failure></testcase><testcase classname="backend.tests.test_crm_staff_api.TestWebsiteAPIs" name="test_reviews_endpoint" time="0.135" /><testcase classname="backend.tests.test_crm_staff_api.TestWebsiteAPIs" name="test_contact_form_submission" time="0.089"><failure message="assert 422 in [200, 201]&#10; +  where 422 = &lt;Response [422]&gt;.status_code">backend/tests/test_crm_staff_api.py:243: in test_contact_form_submission
    assert response.status_code in [200, 201]
E   assert 422 in [200, 201]
E    +  where 422 = &lt;Response [422]&gt;.status_code</failure></testcase><testcase classname="backend.tests.test_crm_staff_api.TestPipelineStages" name="test_valid_pipeline_stages" time="0.108"><failure message="AssertionError: Invalid stage 'follow_up' for lead 4e07b2d9-2dfb-4389-b490-1c47ef1f2ff6&#10;assert 'follow_up' in ['new', 'contacted', 'site_visit', 'quotation', 'negotiation', 'converted', ...]">backend/tests/test_crm_staff_api.py:260: in test_valid_pipeline_stages
    assert stage in valid_stages, f"Invalid stage '{stage}' for lead {lead.get('id')}"
E   AssertionError: Invalid stage 'follow_up' for lead 4e07b2d9-2dfb-4389-b490-1c47ef1f2ff6
E   assert 'follow_up' in ['new', 'contacted', 'site_visit', 'quotation', 'negotiation', 'converted', ...]</failure></testcase><testcase classname="backend.tests.test_crm_staff_api.TestPipelineStages" name="test_dashboard_pipeline_stats_match_leads" time="0.208"><failure message="AssertionError: Stage 'follow_up': dashboard shows 0, actual is 4&#10;assert 0 == 4">backend/tests/test_crm_staff_api.py:286: in test_dashboard_pipeline_stats_match_leads
    assert dashboard_count == count, f"Stage '{stage}': dashboard shows {dashboard_count}, actual is {count}"
E   AssertionError: Stage 'follow_up': dashboard shows 0, actual is 4
E   assert 0 == 4</failure></testcase></testsuite></testsuites>