<?xml version="1.0" encoding="utf-8"?><testsuites name="pytest tests"><testsuite name="pytest" errors="0" failures="1" skipped="0" tests="12" time="2.026" timestamp="2026-03-16T14:06:17.878325+00:00" hostname="agent-env-1433571b-f125-45e8-aab5-adc4841a732b"><testcase classname="backend.tests.test_iteration_45.TestStaffEmailLogin" name="test_staff_login_email_endpoint_exists" time="0.308" /><testcase classname="backend.tests.test_iteration_45.TestStaffEmailLogin" name="test_staff_login_email_invalid_credentials" time="0.174" /><testcase classname="backend.tests.test_iteration_45.TestStaffEmailLogin" name="test_staff_login_email_missing_fields" time="0.128"><failure message="AssertionError: Expected error for missing email&#10;assert 200 in [400, 401, 422]&#10; +  where 200 = &lt;Response [200]&gt;.status_code">backend/tests/test_iteration_45.py:44: in test_staff_login_email_missing_fields
    assert response.status_code in [400, 401, 422], f"Expected error for missing email"
E   AssertionError: Expected error for missing email
E   assert 200 in [400, 401, 422]
E    +  where 200 = &lt;Response [200]&gt;.status_code</failure></testcase><testcase classname="backend.tests.test_iteration_45.TestTrainingEndpoints" name="test_training_modules_endpoint_exists" time="0.128" /><testcase classname="backend.tests.test_iteration_45.TestTrainingEndpoints" name="test_training_module_complete_endpoint" time="0.276" /><testcase classname="backend.tests.test_iteration_45.TestTrainingEndpoints" name="test_training_modules_contain_expected_content" time="0.168" /><testcase classname="backend.tests.test_iteration_45.TestBulkLeadAssignment" name="test_bulk_assign_endpoint_exists" time="0.105" /><testcase classname="backend.tests.test_iteration_45.TestBulkLeadAssignment" name="test_bulk_assign_requires_lead_ids" time="0.147" /><testcase classname="backend.tests.test_iteration_45.TestBulkLeadAssignment" name="test_bulk_assign_requires_employee_id" time="0.138" /><testcase classname="backend.tests.test_iteration_45.TestBulkLeadAssignment" name="test_bulk_assign_invalid_staff" time="0.125" /><testcase classname="backend.tests.test_iteration_45.TestStaffLoginFormUI" name="test_staff_accounts_list" time="0.125" /><testcase classname="backend.tests.test_iteration_45.TestCRMLeadsWithBulkSelect" name="test_crm_leads_list" time="0.120" /></testsuite></testsuites>