<?xml version="1.0" encoding="utf-8"?><testsuites name="pytest tests"><testsuite name="pytest" errors="0" failures="0" skipped="0" tests="20" time="2.469" timestamp="2026-04-08T07:53:00.545780+00:00" hostname="agent-env-741205b8-251c-4d7d-8dcd-c46a235cef85"><testcase classname="backend.tests.test_iter78_advanced_leads.TestAdvancedLeadsEndpoints" name="test_advanced_leads_endpoint_basic" time="0.133" /><testcase classname="backend.tests.test_iter78_advanced_leads.TestAdvancedLeadsEndpoints" name="test_advanced_leads_with_pagination" time="0.125" /><testcase classname="backend.tests.test_iter78_advanced_leads.TestAdvancedLeadsEndpoints" name="test_advanced_leads_with_search" time="0.119" /><testcase classname="backend.tests.test_iter78_advanced_leads.TestAdvancedLeadsEndpoints" name="test_advanced_leads_with_source_filter" time="0.108" /><testcase classname="backend.tests.test_iter78_advanced_leads.TestAdvancedLeadsEndpoints" name="test_advanced_leads_with_stage_filter" time="0.106" /><testcase classname="backend.tests.test_iter78_advanced_leads.TestAdvancedLeadsEndpoints" name="test_advanced_leads_with_priority_filter" time="0.102" /><testcase classname="backend.tests.test_iter78_advanced_leads.TestAdvancedLeadsEndpoints" name="test_advanced_leads_quick_filter_fresh" time="0.107" /><testcase classname="backend.tests.test_iter78_advanced_leads.TestAdvancedLeadsEndpoints" name="test_advanced_leads_quick_filter_unassigned" time="0.117" /><testcase classname="backend.tests.test_iter78_advanced_leads.TestAdvancedLeadsEndpoints" name="test_advanced_leads_sorting" time="0.319" /><testcase classname="backend.tests.test_iter78_advanced_leads.TestLeadsStatsEndpoint" name="test_stats_endpoint_returns_correct_structure" time="0.129" /><testcase classname="backend.tests.test_iter78_advanced_leads.TestLeadsStatsEndpoint" name="test_stats_values_are_non_negative" time="0.103" /><testcase classname="backend.tests.test_iter78_advanced_leads.TestBulkAssignEndpoint" name="test_bulk_assign_requires_lead_ids" time="0.098" /><testcase classname="backend.tests.test_iter78_advanced_leads.TestBulkAssignEndpoint" name="test_bulk_assign_requires_staff_id" time="0.130" /><testcase classname="backend.tests.test_iter78_advanced_leads.TestBulkUpdateEndpoint" name="test_bulk_update_requires_lead_ids" time="0.097" /><testcase classname="backend.tests.test_iter78_advanced_leads.TestBulkUpdateEndpoint" name="test_bulk_update_requires_updates" time="0.096" /><testcase classname="backend.tests.test_iter78_advanced_leads.TestDuplicateCheckEndpoint" name="test_check_duplicate_by_phone" time="0.097" /><testcase classname="backend.tests.test_iter78_advanced_leads.TestDuplicateCheckEndpoint" name="test_check_duplicate_by_email" time="0.098" /><testcase classname="backend.tests.test_iter78_advanced_leads.TestDuplicateCheckEndpoint" name="test_check_duplicate_empty_input" time="0.104" /><testcase classname="backend.tests.test_iter78_advanced_leads.TestLeadTrashEndpoint" name="test_trash_single_lead_not_found" time="0.094" /><testcase classname="backend.tests.test_iter78_advanced_leads.TestLeadTimelineEndpoint" name="test_timeline_not_found" time="0.105" /></testsuite></testsuites>