<?xml version="1.0" encoding="utf-8"?><testsuites name="pytest tests"><testsuite name="pytest" errors="0" failures="0" skipped="0" tests="12" time="2.721" timestamp="2026-04-06T11:20:12.816803+00:00" hostname="agent-env-741205b8-251c-4d7d-8dcd-c46a235cef85"><testcase classname="backend.tests.test_whatsapp_features_iter67.TestWhatsAppBulkSendAPI" name="test_bulk_send_endpoint_exists" time="0.228" /><testcase classname="backend.tests.test_whatsapp_features_iter67.TestWhatsAppBulkSendAPI" name="test_bulk_send_requires_template_name" time="0.144" /><testcase classname="backend.tests.test_whatsapp_features_iter67.TestWhatsAppBulkSendAPI" name="test_bulk_send_requires_recipients" time="0.105" /><testcase classname="backend.tests.test_whatsapp_features_iter67.TestWhatsAppBulkSendAPI" name="test_bulk_send_job_status_endpoint" time="1.260" /><testcase classname="backend.tests.test_whatsapp_features_iter67.TestWhatsAppBulkSendAPI" name="test_bulk_send_job_not_found" time="0.109" /><testcase classname="backend.tests.test_whatsapp_features_iter67.TestSocialMediaSettings" name="test_social_settings_returns_facebook_page_id" time="0.145" /><testcase classname="backend.tests.test_whatsapp_features_iter67.TestSocialMediaSettings" name="test_social_settings_returns_instagram_account_id" time="0.106" /><testcase classname="backend.tests.test_whatsapp_features_iter67.TestWhatsAppConversations" name="test_conversations_endpoint" time="0.118" /><testcase classname="backend.tests.test_whatsapp_features_iter67.TestWhatsAppConversations" name="test_conversations_have_24h_window_field" time="0.115" /><testcase classname="backend.tests.test_whatsapp_features_iter67.TestWhatsAppConversations" name="test_unread_count_endpoint" time="0.116" /><testcase classname="backend.tests.test_whatsapp_features_iter67.TestWhatsAppTemplates" name="test_templates_endpoint" time="0.100" /><testcase classname="backend.tests.test_whatsapp_features_iter67.TestWhatsAppSettings" name="test_whatsapp_settings_returns_phone_number_id" time="0.105" /></testsuite></testsuites>