<?xml version="1.0" encoding="utf-8"?><testsuites name="pytest tests"><testsuite name="pytest" errors="0" failures="4" skipped="0" tests="14" time="2.602" timestamp="2026-03-31T18:47:34.727722+00:00" hostname="agent-env-741205b8-251c-4d7d-8dcd-c46a235cef85"><testcase classname="tests.test_admin_staff_login_iter60.TestAdminOTPLogin" name="test_admin_login_with_valid_mobile" time="0.244" /><testcase classname="tests.test_admin_staff_login_iter60.TestAdminOTPLogin" name="test_admin_login_with_invalid_mobile_rejected" time="0.124" /><testcase classname="tests.test_admin_staff_login_iter60.TestAdminOTPLogin" name="test_admin_login_with_random_mobile_rejected" time="0.117" /><testcase classname="tests.test_admin_staff_login_iter60.TestAdminOTPLogin" name="test_admin_login_with_country_code_prefix" time="0.122" /><testcase classname="tests.test_admin_staff_login_iter60.TestStaffOTPLogin" name="test_staff_login_with_unregistered_mobile_rejected" time="0.131" /><testcase classname="tests.test_admin_staff_login_iter60.TestStaffOTPLogin" name="test_staff_login_with_random_mobile_rejected" time="0.111"><failure message="AssertionError: Expected 401, got 429&#10;assert 429 == 401&#10; +  where 429 = &lt;Response [429]&gt;.status_code">tests/test_admin_staff_login_iter60.py:112: in test_staff_login_with_random_mobile_rejected
    assert response.status_code == 401, f"Expected 401, got {response.status_code}"
E   AssertionError: Expected 401, got 429
E   assert 429 == 401
E    +  where 429 = &lt;Response [429]&gt;.status_code</failure></testcase><testcase classname="tests.test_admin_staff_login_iter60.TestStaffOTPLogin" name="test_staff_login_with_admin_mobile_works" time="0.162"><failure message="AssertionError: Expected 200, got 429&#10;assert 429 == 200&#10; +  where 429 = &lt;Response [429]&gt;.status_code">tests/test_admin_staff_login_iter60.py:128: in test_staff_login_with_admin_mobile_works
    assert response.status_code == 200, f"Expected 200, got {response.status_code}"
E   AssertionError: Expected 200, got 429
E   assert 429 == 200
E    +  where 429 = &lt;Response [429]&gt;.status_code</failure></testcase><testcase classname="tests.test_admin_staff_login_iter60.TestStaffLeadsPagination" name="test_staff_leads_returns_paginated_response" time="0.282" /><testcase classname="tests.test_admin_staff_login_iter60.TestStaffLeadsPagination" name="test_staff_leads_pagination_object_structure" time="0.232" /><testcase classname="tests.test_admin_staff_login_iter60.TestStaffLeadsPagination" name="test_staff_leads_default_limit_is_150" time="0.221" /><testcase classname="tests.test_admin_staff_login_iter60.TestStaffLeadsPagination" name="test_staff_leads_page_1_has_no_prev" time="0.281" /><testcase classname="tests.test_admin_staff_login_iter60.TestStaffLeadsPagination" name="test_staff_leads_custom_limit_parameter" time="0.225" /><testcase classname="tests.test_admin_staff_login_iter60.TestLoginValidation" name="test_admin_login_empty_mobile_rejected" time="0.132"><failure message="AssertionError: Expected 400, got 429&#10;assert 429 == 400&#10; +  where 429 = &lt;Response [429]&gt;.status_code">tests/test_admin_staff_login_iter60.py:254: in test_admin_login_empty_mobile_rejected
    assert response.status_code == 400, f"Expected 400, got {response.status_code}"
E   AssertionError: Expected 400, got 429
E   assert 429 == 400
E    +  where 429 = &lt;Response [429]&gt;.status_code</failure></testcase><testcase classname="tests.test_admin_staff_login_iter60.TestLoginValidation" name="test_admin_login_short_mobile_rejected" time="0.113"><failure message="AssertionError: Expected 400, got 429&#10;assert 429 == 400&#10; +  where 429 = &lt;Response [429]&gt;.status_code">tests/test_admin_staff_login_iter60.py:266: in test_admin_login_short_mobile_rejected
    assert response.status_code == 400, f"Expected 400, got {response.status_code}"
E   AssertionError: Expected 400, got 429
E   assert 429 == 400
E    +  where 429 = &lt;Response [429]&gt;.status_code</failure></testcase></testsuite></testsuites>