<?xml version="1.0" encoding="utf-8"?><testsuites name="pytest tests"><testsuite name="pytest" errors="0" failures="0" skipped="0" tests="16" time="4.844" timestamp="2026-02-27T20:51:54.554130+00:00" hostname="agent-env-994da2ca-1a6a-4841-b259-d82dc504d136"><testcase classname="backend.tests.test_new_features.TestGoogleReviewsAPI" name="test_get_google_reviews_initially" time="2.445" /><testcase classname="backend.tests.test_new_features.TestGoogleReviewsAPI" name="test_sync_google_review_success" time="0.122" /><testcase classname="backend.tests.test_new_features.TestGoogleReviewsAPI" name="test_sync_google_review_validation_error" time="0.126" /><testcase classname="backend.tests.test_new_features.TestGoogleReviewsAPI" name="test_sync_google_review_duplicate_check" time="0.319" /><testcase classname="backend.tests.test_new_features.TestGoogleReviewsAPI" name="test_get_google_reviews_after_creation" time="0.141" /><testcase classname="backend.tests.test_new_features.TestGoogleReviewsAPI" name="test_toggle_google_review_visibility" time="0.143" /><testcase classname="backend.tests.test_new_features.TestGoogleReviewsAPI" name="test_public_google_reviews_endpoint" time="0.121" /><testcase classname="backend.tests.test_new_features.TestGoogleReviewsAPI" name="test_delete_google_review" time="0.261" /><testcase classname="backend.tests.test_new_features.TestBackupAPI" name="test_list_backups_initially" time="0.144" /><testcase classname="backend.tests.test_new_features.TestBackupAPI" name="test_create_backup_success" time="0.133" /><testcase classname="backend.tests.test_new_features.TestBackupAPI" name="test_list_backups_after_creation" time="0.109" /><testcase classname="backend.tests.test_new_features.TestBackupAPI" name="test_backup_download_endpoint" time="0.118" /><testcase classname="backend.tests.test_new_features.TestBackupAPI" name="test_backup_download_nonexistent" time="0.128" /><testcase classname="backend.tests.test_new_features.TestBackupAPI" name="test_delete_backup_success" time="0.111" /><testcase classname="backend.tests.test_new_features.TestBackupAPI" name="test_delete_backup_nonexistent" time="0.219" /><testcase classname="backend.tests.test_new_features.TestReviewsAPIPublic" name="test_public_reviews_endpoint" time="0.134" /></testsuite></testsuites>