<?xml version="1.0" encoding="utf-8"?><testsuites name="pytest tests"><testsuite name="pytest" errors="0" failures="0" skipped="0" tests="15" time="6.332" timestamp="2026-02-22T19:31:59.564607+00:00" hostname="agent-env-3b138496-b8bf-4d39-9027-34f5c301780a"><testcase classname="backend.tests.test_shop_iter18.TestRazorpayConfig" name="test_get_razorpay_config_returns_correct_key" time="0.269" /><testcase classname="backend.tests.test_shop_iter18.TestAIServiceDescription" name="test_generate_service_description_installation" time="3.034" /><testcase classname="backend.tests.test_shop_iter18.TestAIServiceDescription" name="test_generate_service_description_maintenance" time="1.771" /><testcase classname="backend.tests.test_shop_iter18.TestShopCategories" name="test_get_all_categories" time="0.096" /><testcase classname="backend.tests.test_shop_iter18.TestDeliveryFees" name="test_get_delivery_fees" time="0.083" /><testcase classname="backend.tests.test_shop_iter18.TestShopProducts" name="test_get_all_products" time="0.058" /><testcase classname="backend.tests.test_shop_iter18.TestShopProducts" name="test_create_wire_product" time="0.101" /><testcase classname="backend.tests.test_shop_iter18.TestShopProducts" name="test_create_service_product" time="0.081" /><testcase classname="backend.tests.test_shop_iter18.TestShopProducts" name="test_get_products_by_wire_category" time="0.086" /><testcase classname="backend.tests.test_shop_iter18.TestShopProducts" name="test_get_products_by_service_category" time="0.072" /><testcase classname="backend.tests.test_shop_iter18.TestShopOrders" name="test_create_order_cod" time="0.115" /><testcase classname="backend.tests.test_shop_iter18.TestShopOrders" name="test_create_order_razorpay" time="0.103" /><testcase classname="backend.tests.test_shop_iter18.TestShopOrders" name="test_get_orders_list" time="0.086" /><testcase classname="backend.tests.test_shop_iter18.TestShopStats" name="test_get_shop_stats" time="0.099" /><testcase classname="backend.tests.test_shop_iter18.TestCleanup" name="test_cleanup_test_products" time="0.204" /></testsuite></testsuites>