<?xml version="1.0" encoding="utf-8"?><testsuites name="pytest tests"><testsuite name="pytest" errors="0" failures="0" skipped="0" tests="8" time="2.500" timestamp="2026-03-31T17:49:56.712505+00:00" hostname="agent-env-741205b8-251c-4d7d-8dcd-c46a235cef85"><testcase classname="backend.tests.test_leads_features_iter59.TestLeadsPagination" name="test_leads_endpoint_returns_pagination_info" time="1.432" /><testcase classname="backend.tests.test_leads_features_iter59.TestLeadsPagination" name="test_leads_default_limit_is_250" time="0.182" /><testcase classname="backend.tests.test_leads_features_iter59.TestStaffLeadsDistribution" name="test_staff_accounts_include_leads_assigned" time="0.113" /><testcase classname="backend.tests.test_leads_features_iter59.TestStaffLeadsDistribution" name="test_staff_accounts_have_required_fields" time="0.152" /><testcase classname="backend.tests.test_leads_features_iter59.TestStaffLeadsFilter" name="test_leads_have_assigned_to_field" time="0.121" /><testcase classname="backend.tests.test_leads_features_iter59.TestStaffLeadsFilter" name="test_leads_can_be_filtered_by_stage" time="0.120" /><testcase classname="backend.tests.test_leads_features_iter59.TestStaffPortalRefresh" name="test_staff_leads_endpoint_exists" time="0.150" /><testcase classname="backend.tests.test_leads_features_iter59.TestStaffPortalRefresh" name="test_staff_dashboard_endpoint_exists" time="0.116" /></testsuite></testsuites>