<?xml version="1.0" encoding="utf-8"?><testsuites name="pytest tests"><testsuite name="pytest" errors="0" failures="0" skipped="0" tests="13" time="1.651" timestamp="2026-03-15T14:19:13.039997+00:00" hostname="agent-env-1433571b-f125-45e8-aab5-adc4841a732b"><testcase classname="backend.tests.test_iteration_43.TestStaffAccountsAPI" name="test_staff_accounts_returns_list" time="0.175" /><testcase classname="backend.tests.test_iteration_43.TestStaffAccountsAPI" name="test_staff_accounts_has_required_fields" time="0.100" /><testcase classname="backend.tests.test_iteration_43.TestStaffAccountsAPI" name="test_staff_accounts_no_password_hash_in_response" time="0.116" /><testcase classname="backend.tests.test_iteration_43.TestServiceConfig" name="test_service_book_solar_config" time="0.145" /><testcase classname="backend.tests.test_iteration_43.TestCRMCredentialsTab" name="test_crm_dashboard_endpoint" time="0.142" /><testcase classname="backend.tests.test_iteration_43.TestCRMCredentialsTab" name="test_crm_widget_stats" time="0.124" /><testcase classname="backend.tests.test_iteration_43.TestHREmployeeSync" name="test_hr_employees_endpoint" time="0.112" /><testcase classname="backend.tests.test_iteration_43.TestHREmployeeSync" name="test_hr_dashboard" time="0.138" /><testcase classname="backend.tests.test_iteration_43.TestStaffLogin" name="test_staff_login_endpoint_exists" time="0.118" /><testcase classname="backend.tests.test_iteration_43.TestStaffLogin" name="test_staff_login_accepts_password_hash" time="0.107" /><testcase classname="backend.tests.test_iteration_43.TestContactPageVerification" name="test_districts_endpoint" time="0.104" /><testcase classname="backend.tests.test_iteration_43.TestHomepageFeatures" name="test_festivals_active" time="0.110" /><testcase classname="backend.tests.test_iteration_43.TestHomepageFeatures" name="test_reviews_endpoint" time="0.102" /></testsuite></testsuites>