<?xml version="1.0" encoding="utf-8"?><testsuites name="pytest tests"><testsuite name="pytest" errors="0" failures="0" skipped="0" tests="6" time="2.918" timestamp="2026-03-26T12:41:49.837771+00:00" hostname="agent-env-741205b8-251c-4d7d-8dcd-c46a235cef85"><testcase classname="backend.tests.test_staff_email_2fa.TestStaffEmail2FA" name="test_login_email_2fa_step1_valid_email" time="0.142" /><testcase classname="backend.tests.test_staff_email_2fa.TestStaffEmail2FA" name="test_login_email_2fa_step1_invalid_email" time="0.152" /><testcase classname="backend.tests.test_staff_email_2fa.TestStaffEmail2FA" name="test_login_email_2fa_step1_empty_email" time="0.120" /><testcase classname="backend.tests.test_staff_email_2fa.TestStaffEmail2FA" name="test_verify_email_2fa_step2_completes_login" time="0.244" /><testcase classname="backend.tests.test_staff_email_2fa.TestStaffEmail2FA" name="test_verify_email_2fa_invalid_staff" time="0.101" /><testcase classname="backend.tests.test_staff_email_2fa.TestStaffLoginUIElements" name="test_api_returns_correct_response_structure" time="2.099" /></testsuite></testsuites>