<?xml version="1.0" encoding="utf-8"?><testsuites name="pytest tests"><testsuite name="pytest" errors="0" failures="0" skipped="0" tests="6" time="2.659" timestamp="2026-02-24T16:47:18.500437+00:00" hostname="agent-env-88e386d1-fc58-4a14-bb77-39fe570dc8f1"><testcase classname="backend.tests.test_razorpay_payment_flows.TestRazorpayConfiguration" name="test_razorpay_status_endpoint" time="0.316" /><testcase classname="backend.tests.test_razorpay_payment_flows.TestRazorpayConfiguration" name="test_razorpay_config_endpoint" time="0.201" /><testcase classname="backend.tests.test_razorpay_payment_flows.TestBookServiceRazorpayFlow" name="test_book_service_creates_razorpay_order" time="0.983" /><testcase classname="backend.tests.test_razorpay_payment_flows.TestShopOrdersRazorpayFlow" name="test_shop_order_razorpay_payment_creates_order_id" time="0.696" /><testcase classname="backend.tests.test_razorpay_payment_flows.TestShopOrdersRazorpayFlow" name="test_shop_order_cod_no_razorpay_order" time="0.280" /><testcase classname="backend.tests.test_razorpay_payment_flows.TestRazorpayCredentialsMatch" name="test_credentials_match_user_provided" time="0.125" /></testsuite></testsuites>