<?xml version="1.0" encoding="utf-8"?><testsuites name="pytest tests"><testsuite name="pytest" errors="0" failures="0" skipped="0" tests="12" time="5.243" timestamp="2026-04-06T14:13:33.360316+00:00" hostname="agent-env-741205b8-251c-4d7d-8dcd-c46a235cef85"><testcase classname="backend.tests.test_iter69_features.TestSocialMediaAPI" name="test_social_settings_endpoint" time="0.144" /><testcase classname="backend.tests.test_iter69_features.TestSocialMediaAPI" name="test_social_dashboard_stats" time="0.118" /><testcase classname="backend.tests.test_iter69_features.TestSocialMediaAPI" name="test_social_test_connection" time="1.245" /><testcase classname="backend.tests.test_iter69_features.TestSocialMediaAPI" name="test_social_posts_list" time="0.122" /><testcase classname="backend.tests.test_iter69_features.TestSocialMediaAPI" name="test_create_post_without_image_facebook" time="2.741" /><testcase classname="backend.tests.test_iter69_features.TestSocialMediaAPI" name="test_instagram_local_file_error_message" time="0.111" /><testcase classname="backend.tests.test_iter69_features.TestWhatsAppAPI" name="test_whatsapp_settings" time="0.120" /><testcase classname="backend.tests.test_iter69_features.TestWhatsAppAPI" name="test_whatsapp_templates" time="0.101" /><testcase classname="backend.tests.test_iter69_features.TestStaffPortalAPI" name="test_staff_login" time="0.126" /><testcase classname="backend.tests.test_iter69_features.TestAdminDashboardAPI" name="test_dashboard_widget_counts" time="0.109" /><testcase classname="backend.tests.test_iter69_features.TestAdminDashboardAPI" name="test_dashboard_widget_recent_leads" time="0.102" /><testcase classname="backend.tests.test_iter69_features.TestGalleryAPI" name="test_photos_endpoint" time="0.146" /></testsuite></testsuites>