<?xml version="1.0" encoding="utf-8"?><testsuites name="pytest tests"><testsuite name="pytest" errors="0" failures="0" skipped="0" tests="9" time="3.402" timestamp="2026-02-23T08:19:36.035028+00:00" hostname="agent-env-8154982a-ca41-42a7-ade9-1d7e8eac274b"><testcase classname="backend.tests.test_shop_payment_email.TestShopOrderCreation" name="test_health_check" time="0.428" /><testcase classname="backend.tests.test_shop_payment_email.TestShopOrderCreation" name="test_create_order_with_email" time="0.295" /><testcase classname="backend.tests.test_shop_payment_email.TestShopOrderCreation" name="test_create_order_without_email" time="0.302" /><testcase classname="backend.tests.test_shop_payment_email.TestPaymentVerification" name="test_payment_verify_with_email" time="0.647" /><testcase classname="backend.tests.test_shop_payment_email.TestPaymentVerification" name="test_payment_verify_without_email" time="0.318" /><testcase classname="backend.tests.test_shop_payment_email.TestPaymentVerification" name="test_payment_verify_nonexistent_order" time="0.095" /><testcase classname="backend.tests.test_shop_payment_email.TestWhatsAppNotifications" name="test_whatsapp_urls_format" time="0.476" /><testcase classname="backend.tests.test_shop_payment_email.TestRazorpayConfig" name="test_razorpay_config" time="0.138" /><testcase classname="backend.tests.test_shop_payment_email.TestOrderTracking" name="test_track_order" time="0.620" /></testsuite></testsuites>