<?xml version="1.0" encoding="utf-8"?><testsuites name="pytest tests"><testsuite name="pytest" errors="0" failures="0" skipped="0" tests="26" time="3.381" timestamp="2026-02-28T05:31:51.906786+00:00" hostname="agent-env-5c25292b-ffed-4dc8-91af-a69885e5f837"><testcase classname="backend.tests.test_crm_modular_iter32.TestCRMWidgetStats" name="test_widget_stats_returns_200" time="0.198" /><testcase classname="backend.tests.test_crm_modular_iter32.TestCRMWidgetStats" name="test_widget_stats_has_total_leads" time="0.180" /><testcase classname="backend.tests.test_crm_modular_iter32.TestCRMWidgetStats" name="test_widget_stats_total_leads_value" time="0.103" /><testcase classname="backend.tests.test_crm_modular_iter32.TestCRMWidgetStats" name="test_widget_stats_response_structure" time="0.116" /><testcase classname="backend.tests.test_crm_modular_iter32.TestCRMDashboard" name="test_dashboard_returns_200" time="0.114" /><testcase classname="backend.tests.test_crm_modular_iter32.TestCRMDashboard" name="test_dashboard_has_conversion_rate" time="0.127" /><testcase classname="backend.tests.test_crm_modular_iter32.TestCRMDashboard" name="test_dashboard_conversion_rate_is_number" time="0.131" /><testcase classname="backend.tests.test_crm_modular_iter32.TestCRMDashboard" name="test_dashboard_response_structure" time="0.140" /><testcase classname="backend.tests.test_crm_modular_iter32.TestCRMLeads" name="test_leads_returns_200" time="0.118" /><testcase classname="backend.tests.test_crm_modular_iter32.TestCRMLeads" name="test_leads_returns_list" time="0.123" /><testcase classname="backend.tests.test_crm_modular_iter32.TestCRMLeads" name="test_leads_with_stage_filter" time="0.117" /><testcase classname="backend.tests.test_crm_modular_iter32.TestCRMTasks" name="test_tasks_returns_200" time="0.106" /><testcase classname="backend.tests.test_crm_modular_iter32.TestCRMTasks" name="test_tasks_returns_list" time="0.131" /><testcase classname="backend.tests.test_crm_modular_iter32.TestCRMLeaderboard" name="test_leaderboard_returns_200" time="0.195" /><testcase classname="backend.tests.test_crm_modular_iter32.TestCRMLeaderboard" name="test_leaderboard_returns_list" time="0.115" /><testcase classname="backend.tests.test_crm_modular_iter32.TestCRMLeaderboard" name="test_leaderboard_entry_structure" time="0.121" /><testcase classname="backend.tests.test_crm_modular_iter32.TestSecurityHeaders" name="test_x_frame_options_header" time="0.128" /><testcase classname="backend.tests.test_crm_modular_iter32.TestSecurityHeaders" name="test_x_content_type_options_header" time="0.108" /><testcase classname="backend.tests.test_crm_modular_iter32.TestSecurityHeaders" name="test_content_security_policy_header" time="0.115" /><testcase classname="backend.tests.test_crm_modular_iter32.TestSecurityHeaders" name="test_strict_transport_security_header" time="0.116" /><testcase classname="backend.tests.test_crm_modular_iter32.TestSecurityHeaders" name="test_x_xss_protection_header" time="0.100" /><testcase classname="backend.tests.test_crm_modular_iter32.TestSecurityHeaders" name="test_referrer_policy_header" time="0.114" /><testcase classname="backend.tests.test_crm_modular_iter32.TestHRAPIsStillWorking" name="test_hr_dashboard_returns_200" time="0.114" /><testcase classname="backend.tests.test_crm_modular_iter32.TestHRAPIsStillWorking" name="test_hr_dashboard_response_structure" time="0.117" /><testcase classname="backend.tests.test_crm_modular_iter32.TestHRAPIsStillWorking" name="test_hr_employees_returns_200" time="0.127" /><testcase classname="backend.tests.test_crm_modular_iter32.TestHRAPIsStillWorking" name="test_hr_employees_returns_list" time="0.112" /></testsuite></testsuites>